<![LOG[========== DeviceDNA Collection Started ==========]LOG]!><time="08:16:14.830+000" date="02-24-2026" component="Initialize" context="" type="1" thread="19" file="">
<![LOG[DeviceDNA Version: 0.2.0]LOG]!><time="08:16:14.831+000" date="02-24-2026" component="Initialize" context="" type="1" thread="19" file="">
<![LOG[Target Device: HOEUS2610075480]LOG]!><time="08:16:14.854+000" date="02-24-2026" component="Initialize" context="" type="1" thread="19" file="">
<![LOG[PowerShell Version: 7.5.4]LOG]!><time="08:16:14.875+000" date="02-24-2026" component="Initialize" context="" type="1" thread="19" file="">
<![LOG[PowerShell Edition: Core]LOG]!><time="08:16:14.907+000" date="02-24-2026" component="Initialize" context="" type="1" thread="19" file="">
<![LOG[OS: Microsoft Windows NT 10.0.26200.0]LOG]!><time="08:16:14.927+000" date="02-24-2026" component="Initialize" context="" type="1" thread="19" file="">
<![LOG[Current User: HOMEOFFICE\j0w03ow]LOG]!><time="08:16:14.947+000" date="02-24-2026" component="Initialize" context="" type="1" thread="19" file="">
<![LOG[Log File: .\output\HOEUS2610075480\DeviceDNA_HOEUS2610075480_20260224-081614.log]LOG]!><time="08:16:14.966+000" date="02-24-2026" component="Initialize" context="" type="1" thread="19" file="">
<![LOG[=================================================]LOG]!><time="08:16:14.987+000" date="02-24-2026" component="Initialize" context="" type="1" thread="19" file="">
<![LOG[Checking administrative privileges...]LOG]!><time="08:16:15.011+000" date="02-24-2026" component="Invoke-DeviceDNACollection" context="" type="1" thread="19" file="">
<![LOG[Administrative privileges confirmed]LOG]!><time="08:16:15.035+000" date="02-24-2026" component="Invoke-DeviceDNACollection" context="" type="1" thread="19" file="">
<![LOG[Detecting device join type...]LOG]!><time="08:16:15.067+000" date="02-24-2026" component="Invoke-DeviceDNACollection" context="" type="1" thread="19" file="">
<![LOG[Device join type: Azure AD Joined]LOG]!><time="08:16:15.968+000" date="02-24-2026" component="Invoke-DeviceDNACollection" context="" type="1" thread="19" file="">
<![LOG[Detecting management type...]LOG]!><time="08:16:15.994+000" date="02-24-2026" component="Invoke-DeviceDNACollection" context="" type="1" thread="19" file="">
<![LOG[Management type: Cloud-only]LOG]!><time="08:16:16.099+000" date="02-24-2026" component="Invoke-DeviceDNACollection" context="" type="1" thread="19" file="">
<![LOG[Discovering tenant information...]LOG]!><time="08:16:16.115+000" date="02-24-2026" component="Invoke-DeviceDNACollection" context="" type="1" thread="19" file="">
<![LOG[Tenant ID: 3cbcc3d3-094d-4006-9849-0d11d61f484d]LOG]!><time="08:16:16.133+000" date="02-24-2026" component="Invoke-DeviceDNACollection" context="" type="1" thread="19" file="">
<![LOG[Connecting to Microsoft Graph API...]LOG]!><time="08:16:16.151+000" date="02-24-2026" component="Invoke-DeviceDNACollection" context="" type="1" thread="19" file="">
<![LOG[Connecting to Microsoft Graph (browser authentication)...]LOG]!><time="08:16:16.289+000" date="02-24-2026" component="Connect-GraphAPI" context="" type="1" thread="19" file="">
<![LOG[Initiating Graph connection]LOG]!><time="08:16:16.321+000" date="02-24-2026" component="Connect-GraphAPI" context="" type="1" thread="19" file="">
<![LOG[Using tenant ID: 3cbcc3d3-094d-4006-9849-0d11d61f484d]LOG]!><time="08:16:16.345+000" date="02-24-2026" component="Connect-GraphAPI" context="" type="1" thread="19" file="">
<![LOG[Requested scopes: DeviceManagementConfiguration.Read.All, DeviceManagementManagedDevices.Read.All, DeviceManagementApps.Read.All, Directory.Read.All, Device.Read.All]LOG]!><time="08:16:16.369+000" date="02-24-2026" component="Connect-GraphAPI" context="" type="1" thread="19" file="">
<![LOG[Connected to Microsoft Graph successfully]LOG]!><time="08:16:32.351+000" date="02-24-2026" component="Connect-GraphAPI" context="" type="1" thread="19" file="">
<![LOG[Graph connection established in 16.0s]LOG]!><time="08:16:32.376+000" date="02-24-2026" component="Connect-GraphAPI" context="" type="1" thread="19" file="">
<![LOG[Collecting device information...]LOG]!><time="08:16:32.400+000" date="02-24-2026" component="Invoke-DeviceDNACollection" context="" type="1" thread="19" file="">
<![LOG[Collecting enhanced device inventory]LOG]!><time="08:16:32.638+000" date="02-24-2026" component="Get-DeviceInfo" context="" type="1" thread="19" file="">
<![LOG[Failed to collect processor info: The client cannot connect to the destination specified in the request. Verify that the service on the destination is running and is accepting requests. Consult the logs and documentation for the WS-Management service running on the destination, most commonly IIS or WinRM. If the destination is the WinRM service, run the following command on the destination to analyze and configure the WinRM service: "winrm quickconfig".]LOG]!><time="08:16:36.757+000" date="02-24-2026" component="Get-ProcessorInfo" context="" type="2" thread="19" file="">
<![LOG[Failed to collect memory info: The client cannot connect to the destination specified in the request. Verify that the service on the destination is running and is accepting requests. Consult the logs and documentation for the WS-Management service running on the destination, most commonly IIS or WinRM. If the destination is the WinRM service, run the following command on the destination to analyze and configure the WinRM service: "winrm quickconfig".]LOG]!><time="08:16:40.864+000" date="02-24-2026" component="Get-MemoryInfo" context="" type="2" thread="19" file="">
<![LOG[Failed to collect storage info: The client cannot connect to the destination specified in the request. Verify that the service on the destination is running and is accepting requests. Consult the logs and documentation for the WS-Management service running on the destination, most commonly IIS or WinRM. If the destination is the WinRM service, run the following command on the destination to analyze and configure the WinRM service: "winrm quickconfig".]LOG]!><time="08:16:44.990+000" date="02-24-2026" component="Get-StorageInfo" context="" type="2" thread="19" file="">
<![LOG[Failed to collect BIOS info: The client cannot connect to the destination specified in the request. Verify that the service on the destination is running and is accepting requests. Consult the logs and documentation for the WS-Management service running on the destination, most commonly IIS or WinRM. If the destination is the WinRM service, run the following command on the destination to analyze and configure the WinRM service: "winrm quickconfig".]LOG]!><time="08:16:49.114+000" date="02-24-2026" component="Get-BiosInfo" context="" type="2" thread="19" file="">
<![LOG[Failed to collect network info: The client cannot connect to the destination specified in the request. Verify that the service on the destination is running and is accepting requests. Consult the logs and documentation for the WS-Management service running on the destination, most commonly IIS or WinRM. If the destination is the WinRM service, run the following command on the destination to analyze and configure the WinRM service: "winrm quickconfig".]LOG]!><time="08:16:53.225+000" date="02-24-2026" component="Get-NetworkInfo" context="" type="2" thread="19" file="">
<![LOG[Failed to collect power info: The client cannot connect to the destination specified in the request. Verify that the service on the destination is running and is accepting requests. Consult the logs and documentation for the WS-Management service running on the destination, most commonly IIS or WinRM. If the destination is the WinRM service, run the following command on the destination to analyze and configure the WinRM service: "winrm quickconfig".]LOG]!><time="08:18:10.680+000" date="02-24-2026" component="Get-PowerInfo" context="" type="2" thread="19" file="">
<![LOG[Enhanced device inventory collection complete]LOG]!><time="08:18:10.711+000" date="02-24-2026" component="Get-DeviceInfo" context="" type="1" thread="19" file="">
<![LOG[Device: HOEUS2610075480 (Microsoft Windows 11 Enterprise)]LOG]!><time="08:18:10.743+000" date="02-24-2026" component="Invoke-DeviceDNACollection" context="" type="1" thread="19" file="">
<![LOG[Phase 1: Starting collection (GP + Intune + SCCM + WU)...]LOG]!><time="08:18:10.773+000" date="02-24-2026" component="Invoke-DeviceDNACollection" context="" type="1" thread="19" file="">
<![LOG[Track A: Skipping GP collection - device is cloud-only (not domain joined)]LOG]!><time="08:18:10.800+000" date="02-24-2026" component="Invoke-DeviceDNACollection" context="" type="1" thread="19" file="">
<![LOG[Track B: Starting Intune collection...]LOG]!><time="08:18:10.826+000" date="02-24-2026" component="Invoke-DeviceDNACollection" context="" type="1" thread="19" file="">
<![LOG[Starting Intune data collection for: HOEUS2610075480]LOG]!><time="08:18:10.864+000" date="02-24-2026" component="Get-IntuneData" context="" type="1" thread="19" file="">
<![LOG[All required Graph permissions are granted]LOG]!><time="08:18:10.916+000" date="02-24-2026" component="Get-GraphPermissions" context="" type="1" thread="19" file="">
<![LOG[Step 1/6: Resolving device identity...]LOG]!><time="08:18:10.944+000" date="02-24-2026" component="Get-IntuneData" context="" type="1" thread="19" file="">
<![LOG[  Phase 1: Querying Azure AD by device name...]LOG]!><time="08:18:10.972+000" date="02-24-2026" component="Get-IntuneData" context="" type="1" thread="19" file="">
<![LOG[Searching for Azure AD device: HOEUS2610075480]LOG]!><time="08:18:11.001+000" date="02-24-2026" component="Find-AzureADDevice" context="" type="1" thread="19" file="">
<![LOG[Graph API call: GET https://graph.microsoft.com/v1.0/devices?$filter=displayName eq 'HOEUS2610075480']LOG]!><time="08:18:11.024+000" date="02-24-2026" component="Find-AzureADDevice" context="" type="1" thread="19" file="">
<![LOG[Graph API response: 1 device(s) returned in 2223ms]LOG]!><time="08:18:13.278+000" date="02-24-2026" component="Find-AzureADDevice" context="" type="1" thread="19" file="">
<![LOG[Found Azure AD device: HOEUS2610075480]LOG]!><time="08:18:13.310+000" date="02-24-2026" component="Find-AzureADDevice" context="" type="1" thread="19" file="">
<![LOG[Azure AD ObjectId (for group queries): 73b809a5-19e3-4ef7-b074-a8cdbf53210e]LOG]!><time="08:18:13.340+000" date="02-24-2026" component="Find-AzureADDevice" context="" type="1" thread="19" file="">
<![LOG[Azure AD DeviceId (for Intune lookup): 0261fe00-f1fb-4239-a196-3c2977e666c4]LOG]!><time="08:18:13.369+000" date="02-24-2026" component="Find-AzureADDevice" context="" type="1" thread="19" file="">
<![LOG[Device TrustType: AzureAd, IsManaged: True, IsCompliant: True]LOG]!><time="08:18:13.405+000" date="02-24-2026" component="Find-AzureADDevice" context="" type="1" thread="19" file="">
<![LOG[  Found device in Azure AD: HOEUS2610075480]LOG]!><time="08:18:13.447+000" date="02-24-2026" component="Get-IntuneData" context="" type="1" thread="19" file="">
<![LOG[    Azure AD object ID (id): 73b809a5-19e3-4ef7-b074-a8cdbf53210e]LOG]!><time="08:18:13.476+000" date="02-24-2026" component="Get-IntuneData" context="" type="1" thread="19" file="">
<![LOG[    Hardware device ID (deviceId): 0261fe00-f1fb-4239-a196-3c2977e666c4]LOG]!><time="08:18:13.506+000" date="02-24-2026" component="Get-IntuneData" context="" type="1" thread="19" file="">
<![LOG[  Phase 2: Querying Intune for managed device...]LOG]!><time="08:18:13.533+000" date="02-24-2026" component="Get-IntuneData" context="" type="1" thread="19" file="">
<![LOG[    Using hardware device ID for Intune lookup: 0261fe00-f1fb-4239-a196-3c2977e666c4]LOG]!><time="08:18:13.563+000" date="02-24-2026" component="Get-IntuneData" context="" type="1" thread="19" file="">
<![LOG[Searching for Intune managed device...]LOG]!><time="08:18:13.595+000" date="02-24-2026" component="Get-IntuneDevice" context="" type="1" thread="19" file="">
<![LOG[Graph API call: GET managedDevices by azureADDeviceId]LOG]!><time="08:18:13.623+000" date="02-24-2026" component="Get-IntuneDevice" context="" type="1" thread="19" file="">
<![LOG[Graph API response: 1 device(s) returned in 547ms]LOG]!><time="08:18:14.201+000" date="02-24-2026" component="Get-IntuneDevice" context="" type="1" thread="19" file="">
<![LOG[Device found by azureADDeviceId lookup]LOG]!><time="08:18:14.233+000" date="02-24-2026" component="Get-IntuneDevice" context="" type="1" thread="19" file="">
<![LOG[Found Intune managed device: HOEUS2610075480]LOG]!><time="08:18:14.265+000" date="02-24-2026" component="Get-IntuneDevice" context="" type="1" thread="19" file="">
<![LOG[Intune Device ID: 8263f1e0-ff7c-4b69-8750-e82387b57dd9]LOG]!><time="08:18:14.292+000" date="02-24-2026" component="Get-IntuneDevice" context="" type="1" thread="19" file="">
<![LOG[Compliance State: compliant, Management State: managed]LOG]!><time="08:18:14.321+000" date="02-24-2026" component="Get-IntuneDevice" context="" type="1" thread="19" file="">
<![LOG[Last Sync: 02/24/2026 13:38:32, Management Agent: mdm]LOG]!><time="08:18:14.348+000" date="02-24-2026" component="Get-IntuneDevice" context="" type="1" thread="19" file="">
<![LOG[  Found Intune managed device: HOEUS2610075480]LOG]!><time="08:18:14.379+000" date="02-24-2026" component="Get-IntuneData" context="" type="1" thread="19" file="">
<![LOG[    Intune device ID: 8263f1e0-ff7c-4b69-8750-e82387b57dd9]LOG]!><time="08:18:14.408+000" date="02-24-2026" component="Get-IntuneData" context="" type="1" thread="19" file="">
<![LOG[    azureADDeviceId from Intune: 0261fe00-f1fb-4239-a196-3c2977e666c4]LOG]!><time="08:18:14.436+000" date="02-24-2026" component="Get-IntuneData" context="" type="1" thread="19" file="">
<![LOG[  Phase 3: Cross-referencing to fill identity gaps...]LOG]!><time="08:18:14.465+000" date="02-24-2026" component="Get-IntuneData" context="" type="1" thread="19" file="">
<![LOG[  Identity Resolution Summary:]LOG]!><time="08:18:14.494+000" date="02-24-2026" component="Get-IntuneData" context="" type="1" thread="19" file="">
<![LOG[    Azure AD object ID (for groups): 73b809a5-19e3-4ef7-b074-a8cdbf53210e]LOG]!><time="08:18:14.520+000" date="02-24-2026" component="Get-IntuneData" context="" type="1" thread="19" file="">
<![LOG[    Hardware device ID (for Intune): 0261fe00-f1fb-4239-a196-3c2977e666c4]LOG]!><time="08:18:14.547+000" date="02-24-2026" component="Get-IntuneData" context="" type="1" thread="19" file="">
<![LOG[    Intune device ID: 8263f1e0-ff7c-4b69-8750-e82387b57dd9]LOG]!><time="08:18:14.577+000" date="02-24-2026" component="Get-IntuneData" context="" type="1" thread="19" file="">
<![LOG[Step 2/6: Getting device group memberships...]LOG]!><time="08:18:14.611+000" date="02-24-2026" component="Get-IntuneData" context="" type="1" thread="19" file="">
<![LOG[  Using resolved Azure AD object ID: 73b809a5-19e3-4ef7-b074-a8cdbf53210e]LOG]!><time="08:18:14.641+000" date="02-24-2026" component="Get-IntuneData" context="" type="1" thread="19" file="">
<![LOG[Getting device group memberships...]LOG]!><time="08:18:14.671+000" date="02-24-2026" component="Get-DeviceGroupMemberships" context="" type="1" thread="19" file="">
<![LOG[Graph API call: GET devices/73b809a5-19e3-4ef7-b074-a8cdbf53210e/transitiveMemberOf]LOG]!><time="08:18:14.696+000" date="02-24-2026" component="Get-DeviceGroupMemberships" context="" type="1" thread="19" file="">
<![LOG[Graph API response: 27 membership(s) returned across 1 page(s) in 355ms]LOG]!><time="08:18:15.077+000" date="02-24-2026" component="Get-DeviceGroupMemberships" context="" type="1" thread="19" file="">
<![LOG[Found 27 group memberships for device]LOG]!><time="08:18:15.148+000" date="02-24-2026" component="Get-DeviceGroupMemberships" context="" type="1" thread="19" file="">
<![LOG[Device groups: 27 total (17 dynamic, 10 assigned)]LOG]!><time="08:18:15.201+000" date="02-24-2026" component="Get-DeviceGroupMemberships" context="" type="1" thread="19" file="">
<![LOG[Step 4/6: Collecting assignment filters...]LOG]!><time="08:18:15.269+000" date="02-24-2026" component="Get-IntuneData" context="" type="1" thread="19" file="">
<![LOG[Collecting assignment filters...]LOG]!><time="08:18:15.296+000" date="02-24-2026" component="Get-AssignmentFilters" context="" type="1" thread="19" file="">
<![LOG[Starting assignment filter collection]LOG]!><time="08:18:15.322+000" date="02-24-2026" component="Get-AssignmentFilters" context="" type="1" thread="19" file="">
<![LOG[Graph API call: GET assignmentFilters]LOG]!><time="08:18:15.348+000" date="02-24-2026" component="Get-AssignmentFilters" context="" type="1" thread="19" file="">
<![LOG[Assignment filters: 29 returned across 1 page(s) in 430ms]LOG]!><time="08:18:15.803+000" date="02-24-2026" component="Get-AssignmentFilters" context="" type="1" thread="19" file="">
<![LOG[Found 29 assignment filters]LOG]!><time="08:18:15.841+000" date="02-24-2026" component="Get-AssignmentFilters" context="" type="1" thread="19" file="">
<![LOG[Step 5/6: Collecting configuration profiles...]LOG]!><time="08:18:15.888+000" date="02-24-2026" component="Get-IntuneData" context="" type="1" thread="19" file="">
<![LOG[Querying configuration profile assignments...]LOG]!><time="08:18:15.919+000" date="02-24-2026" component="Get-IntuneData" context="" type="1" thread="19" file="">
<![LOG[Collecting Intune configuration profiles...]LOG]!><time="08:18:15.950+000" date="02-24-2026" component="Get-ConfigurationProfiles" context="" type="1" thread="19" file="">
<![LOG[Starting configuration profile collection]LOG]!><time="08:18:15.980+000" date="02-24-2026" component="Get-ConfigurationProfiles" context="" type="1" thread="19" file="">
<![LOG[  - Collecting device configurations...]LOG]!><time="08:18:16.007+000" date="02-24-2026" component="Get-ConfigurationProfiles" context="" type="1" thread="19" file="">
<![LOG[Graph API call: GET deviceConfigurations with assignments]LOG]!><time="08:18:16.032+000" date="02-24-2026" component="Get-ConfigurationProfiles" context="" type="1" thread="19" file="">
<![LOG[Device configurations: 634 returned across 2 page(s) in 10009ms]LOG]!><time="08:18:26.068+000" date="02-24-2026" component="Get-ConfigurationProfiles" context="" type="1" thread="19" file="">
<![LOG[    Found 634 device configurations]LOG]!><time="08:18:26.202+000" date="02-24-2026" component="Get-ConfigurationProfiles" context="" type="1" thread="19" file="">
<![LOG[  - Collecting Settings Catalog policies...]LOG]!><time="08:18:26.230+000" date="02-24-2026" component="Get-ConfigurationProfiles" context="" type="1" thread="19" file="">
<![LOG[Graph API call: GET configurationPolicies with assignments]LOG]!><time="08:18:26.254+000" date="02-24-2026" component="Get-ConfigurationProfiles" context="" type="1" thread="19" file="">
<![LOG[Settings Catalog: 285 returned across 12 page(s) in 21369ms]LOG]!><time="08:18:47.649+000" date="02-24-2026" component="Get-ConfigurationProfiles" context="" type="1" thread="19" file="">
<![LOG[    Found 285 Settings Catalog policies]LOG]!><time="08:18:47.716+000" date="02-24-2026" component="Get-ConfigurationProfiles" context="" type="1" thread="19" file="">
<![LOG[  - Collecting Administrative Templates...]LOG]!><time="08:18:47.746+000" date="02-24-2026" component="Get-ConfigurationProfiles" context="" type="1" thread="19" file="">
<![LOG[Graph API call: GET groupPolicyConfigurations with assignments]LOG]!><time="08:18:47.773+000" date="02-24-2026" component="Get-ConfigurationProfiles" context="" type="1" thread="19" file="">
<![LOG[Administrative Templates: 22 returned across 1 page(s) in 680ms]LOG]!><time="08:18:48.480+000" date="02-24-2026" component="Get-ConfigurationProfiles" context="" type="1" thread="19" file="">
<![LOG[    Found 22 Administrative Templates]LOG]!><time="08:18:48.520+000" date="02-24-2026" component="Get-ConfigurationProfiles" context="" type="1" thread="19" file="">
<![LOG[  - Collecting Endpoint Security intents...]LOG]!><time="08:18:48.548+000" date="02-24-2026" component="Get-ConfigurationProfiles" context="" type="1" thread="19" file="">
<![LOG[Graph API call: GET intents with assignments]LOG]!><time="08:18:48.575+000" date="02-24-2026" component="Get-ConfigurationProfiles" context="" type="1" thread="19" file="">
<![LOG[Endpoint Security intents: 5 returned across 1 page(s) in 434ms]LOG]!><time="08:18:49.036+000" date="02-24-2026" component="Get-ConfigurationProfiles" context="" type="1" thread="19" file="">
<![LOG[    Found 5 Endpoint Security intents]LOG]!><time="08:18:49.064+000" date="02-24-2026" component="Get-ConfigurationProfiles" context="" type="1" thread="19" file="">
<![LOG[Total configuration profiles collected: 946]LOG]!><time="08:18:49.089+000" date="02-24-2026" component="Get-ConfigurationProfiles" context="" type="1" thread="19" file="">
<![LOG[Configuration profile collection complete: 946 profiles in 33.1s]LOG]!><time="08:18:49.113+000" date="02-24-2026" component="Get-ConfigurationProfiles" context="" type="1" thread="19" file="">
<![LOG[Querying Reports API for deployed policies...]LOG]!><time="08:18:49.141+000" date="02-24-2026" component="Get-IntuneData" context="" type="1" thread="19" file="">
<![LOG[Using Reports API as source of truth for device 8263f1e0-ff7c-4b69-8750-e82387b57dd9]LOG]!><time="08:18:49.171+000" date="02-24-2026" component="Get-IntuneData" context="" type="1" thread="19" file="">
<![LOG[Total tenant profiles available for lookup: 946]LOG]!><time="08:18:49.199+000" date="02-24-2026" component="Get-IntuneData" context="" type="1" thread="19" file="">
<![LOG[Creating device configuration status report...]LOG]!><time="08:18:49.227+000" date="02-24-2026" component="Get-IntuneData" context="" type="1" thread="19" file="">
<![LOG[Using Reports API: DeviceConfigurationPolicyStatuses for device 8263f1e0-ff7c-4b69-8750-e82387b57dd9]LOG]!><time="08:18:49.255+000" date="02-24-2026" component="Get-IntuneData" context="" type="1" thread="19" file="">
<![LOG[Export job created: DeviceConfigurationPolicyStatusesWithPFV3_5e2b6e8f-9029-4573-8362-982f54aaa01e]LOG]!><time="08:18:50.046+000" date="02-24-2026" component="Get-IntuneData" context="" type="1" thread="19" file="">
<![LOG[Waiting for report generation...]LOG]!><time="08:18:50.080+000" date="02-24-2026" component="Get-IntuneData" context="" type="1" thread="19" file="">
<![LOG[Export job completed after 8 seconds]LOG]!><time="08:18:58.111+000" date="02-24-2026" component="Wait-ExportJobCompletion" context="" type="1" thread="19" file="">
<![LOG[Downloading configuration status report...]LOG]!><time="08:18:58.146+000" date="02-24-2026" component="Get-IntuneData" context="" type="1" thread="19" file="">
<![LOG[ZIP file downloaded from blob storage]LOG]!><time="08:18:58.603+000" date="02-24-2026" component="Get-IntuneData" context="" type="1" thread="19" file="">
<![LOG[ZIP file extracted]LOG]!><time="08:18:58.924+000" date="02-24-2026" component="Get-IntuneData" context="" type="1" thread="19" file="">
<![LOG[Found report file: DeviceConfigurationPolicyStatusesWithPFV3_5e2b6e8f-9029-4573-8362-982f54aaa01e.csv]LOG]!><time="08:18:58.960+000" date="02-24-2026" component="Get-IntuneData" context="" type="1" thread="19" file="">
<![LOG[Parsed 141 report rows from CSV]LOG]!><time="08:18:58.998+000" date="02-24-2026" component="Get-IntuneData" context="" type="1" thread="19" file="">
<![LOG[Report downloaded: 141 policy statuses]LOG]!><time="08:18:59.025+000" date="02-24-2026" component="Get-IntuneData" context="" type="1" thread="19" file="">
<![LOG[Found 141 policy statuses from Intune]LOG]!><time="08:18:59.053+000" date="02-24-2026" component="Get-IntuneData" context="" type="1" thread="19" file="">
<![LOG[Deduplicated to 72 unique policies]LOG]!><time="08:18:59.084+000" date="02-24-2026" component="Get-IntuneData" context="" type="1" thread="19" file="">
<![LOG[Processing 72 unique deployed policies...]LOG]!><time="08:18:59.112+000" date="02-24-2026" component="Get-IntuneData" context="" type="1" thread="19" file="">
<![LOG[Collecting error details for 1 failed configuration profile(s)...]LOG]!><time="08:18:59.363+000" date="02-24-2026" component="Get-IntuneData" context="" type="1" thread="19" file="">
<![LOG[Using Reports API: ADMXSettingsByDeviceByPolicy for per-setting error details]LOG]!><time="08:18:59.388+000" date="02-24-2026" component="Get-IntuneData" context="" type="1" thread="19" file="">
<![LOG[Setting states export job created: ADMXSettingsByDeviceByPolicy_7b810bc0-a1e1-4b2d-90fe-c2a68d46e1e8]LOG]!><time="08:18:59.957+000" date="02-24-2026" component="Get-IntuneData" context="" type="1" thread="19" file="">
<![LOG[Export job completed after 20.7 seconds]LOG]!><time="08:19:20.740+000" date="02-24-2026" component="Wait-ExportJobCompletion" context="" type="1" thread="19" file="">
<![LOG[Parsed 10 per-setting status rows from CSV]LOG]!><time="08:19:21.059+000" date="02-24-2026" component="Get-IntuneData" context="" type="1" thread="19" file="">
<![LOG[No per-setting data available for profile WinD_Prod_News_and_Interest_Policy_v1.0 (86277be7-bccb-436f-85c5-ce0594451288)]LOG]!><time="08:19:21.090+000" date="02-24-2026" component="Get-IntuneData" context="" type="2" thread="19" file="">
<![LOG[Error details collected for 1 failed profile(s)]LOG]!><time="08:19:21.120+000" date="02-24-2026" component="Get-IntuneData" context="" type="1" thread="19" file="">
<![LOG[Found 72 deployed configuration profiles]LOG]!><time="08:19:21.147+000" date="02-24-2026" component="Get-IntuneData" context="" type="1" thread="19" file="">
<![LOG[Found 72 total configuration profiles (deployed on device)]LOG]!><time="08:19:21.175+000" date="02-24-2026" component="Get-IntuneData" context="" type="1" thread="19" file="">
<![LOG[Collecting profile settings for 71 deployed profiles...]LOG]!><time="08:19:21.400+000" date="02-24-2026" component="Get-IntuneData" context="" type="1" thread="19" file="">
<![LOG[  Collecting settings [1/71]: WinD_Cert_ADCS_WalmartIssuingCA-TLS-01]LOG]!><time="08:19:21.429+000" date="02-24-2026" component="Get-IntuneData" context="" type="1" thread="19" file="">
<![LOG[Device Configuration d41f2a2a-36e0-42d7-b626-89789aabc67a : 2 settings]LOG]!><time="08:19:22.387+000" date="02-24-2026" component="Get-ProfileSettings" context="" type="1" thread="19" file="">
<![LOG[  Collecting settings [2/71]: GLOBAL_Firewall_Rules_Cloud_Native_v1]LOG]!><time="08:19:22.415+000" date="02-24-2026" component="Get-IntuneData" context="" type="1" thread="19" file="">
<![LOG[Settings Catalog 65386a49-8b9d-4479-9a84-e8d4dc8384f0 : 1 settings]LOG]!><time="08:19:23.296+000" date="02-24-2026" component="Get-ProfileSettings" context="" type="1" thread="19" file="">
<![LOG[  Collecting settings [3/71]: WinD_EP_ATPOnboarding_v1.0]LOG]!><time="08:19:23.334+000" date="02-24-2026" component="Get-IntuneData" context="" type="1" thread="19" file="">
<![LOG[Endpoint Security profile 6dc59ffc-8ab3-405f-9d3c-f7df89ab3be6 : settings collection not yet supported]LOG]!><time="08:19:23.370+000" date="02-24-2026" component="Get-ProfileSettings" context="" type="2" thread="19" file="">
<![LOG[  Collecting settings [4/71]: GLOBAL_Firewall_Configuration_Cloud_Native_v1]LOG]!><time="08:19:23.405+000" date="02-24-2026" component="Get-IntuneData" context="" type="1" thread="19" file="">
<![LOG[Settings Catalog 370c0a83-fa29-4def-b1f4-575eed6fc8bb : 5 settings]LOG]!><time="08:19:23.984+000" date="02-24-2026" component="Get-ProfileSettings" context="" type="1" thread="19" file="">
<![LOG[  Collecting settings [5/71]: WinD_EP_Encryption_Enforce_v1.0]LOG]!><time="08:19:24.014+000" date="02-24-2026" component="Get-IntuneData" context="" type="1" thread="19" file="">
<![LOG[Device Configuration 49075193-e7ab-47bc-89ab-8fc38de9d9fd : 115 settings]LOG]!><time="08:19:24.480+000" date="02-24-2026" component="Get-ProfileSettings" context="" type="1" thread="19" file="">
<![LOG[  Collecting settings [6/71]: WinD_Cert_ADCS_WalmartIssuingCA-2FA-02]LOG]!><time="08:19:24.514+000" date="02-24-2026" component="Get-IntuneData" context="" type="1" thread="19" file="">
<![LOG[Device Configuration e5492cfd-ea25-4cab-9998-91cd781a1135 : 2 settings]LOG]!><time="08:19:25.962+000" date="02-24-2026" component="Get-ProfileSettings" context="" type="1" thread="19" file="">
<![LOG[  Collecting settings [7/71]: WinD_Cert_ADCS_WalmartIssuingCA-RCM-01-SHA2]LOG]!><time="08:19:25.999+000" date="02-24-2026" component="Get-IntuneData" context="" type="1" thread="19" file="">
<![LOG[Device Configuration 0ba4884f-de57-49d6-92e9-b7cd201f8069 : 2 settings]LOG]!><time="08:19:26.260+000" date="02-24-2026" component="Get-ProfileSettings" context="" type="1" thread="19" file="">
<![LOG[  Collecting settings [8/71]: WinD_Cert_ADCS_WalmartIssuingCA-TLS-04]LOG]!><time="08:19:26.293+000" date="02-24-2026" component="Get-IntuneData" context="" type="1" thread="19" file="">
<![LOG[Device Configuration db8c9356-3da6-49fc-80a5-67cbf042d2af : 2 settings]LOG]!><time="08:19:27.153+000" date="02-24-2026" component="Get-ProfileSettings" context="" type="1" thread="19" file="">
<![LOG[  Collecting settings [9/71]: WinD_Custom_MDM_WinsOver_GPO_v1.0]LOG]!><time="08:19:27.183+000" date="02-24-2026" component="Get-IntuneData" context="" type="1" thread="19" file="">
<![LOG[Device Configuration f245b83b-762e-4df3-a270-dc28bef93b91 : 1 settings]LOG]!><time="08:19:27.459+000" date="02-24-2026" component="Get-ProfileSettings" context="" type="1" thread="19" file="">
<![LOG[  Collecting settings [10/71]: WinU_IP_HelloForBusiness_Biometrics_v2.0]LOG]!><time="08:19:27.489+000" date="02-24-2026" component="Get-IntuneData" context="" type="1" thread="19" file="">
<![LOG[Device Configuration dbf3dd3a-23fd-40dd-a147-021e35f46852 : 1 settings]LOG]!><time="08:19:28.230+000" date="02-24-2026" component="Get-ProfileSettings" context="" type="1" thread="19" file="">
<![LOG[  Collecting settings [11/71]: WinD_Cert_ADCS_WalmartIssuingCA-TLS-02]LOG]!><time="08:19:28.264+000" date="02-24-2026" component="Get-IntuneData" context="" type="1" thread="19" file="">
<![LOG[Device Configuration d9d60e78-1597-4879-856c-dccfb5d60a86 : 2 settings]LOG]!><time="08:19:28.558+000" date="02-24-2026" component="Get-ProfileSettings" context="" type="1" thread="19" file="">
<![LOG[  Collecting settings [12/71]: Collab_WinD_OneDrive_Ring_Prod]LOG]!><time="08:19:28.590+000" date="02-24-2026" component="Get-IntuneData" context="" type="1" thread="19" file="">
<![LOG[Settings Catalog d0689acf-2b10-4d51-8398-f3d43afd416b : 1 settings]LOG]!><time="08:19:28.794+000" date="02-24-2026" component="Get-ProfileSettings" context="" type="1" thread="19" file="">
<![LOG[  Collecting settings [13/71]: WinD_Cert_ADCS_WalmartIssuingCA-RPX-03]LOG]!><time="08:19:28.825+000" date="02-24-2026" component="Get-IntuneData" context="" type="1" thread="19" file="">
<![LOG[Device Configuration ef176d9b-aac5-4f23-b829-d2f41c8b19ba : 2 settings]LOG]!><time="08:19:30.414+000" date="02-24-2026" component="Get-ProfileSettings" context="" type="1" thread="19" file="">
<![LOG[  Collecting settings [14/71]: WinD_Cert_ADCS_WalmartRootCA]LOG]!><time="08:19:30.453+000" date="02-24-2026" component="Get-IntuneData" context="" type="1" thread="19" file="">
<![LOG[Device Configuration 3bcde11e-0208-4aa0-8179-0e8f14ce04f3 : 2 settings]LOG]!><time="08:19:30.789+000" date="02-24-2026" component="Get-ProfileSettings" context="" type="1" thread="19" file="">
<![LOG[  Collecting settings [15/71]: WinEngOS_WinD_Passwordless_Key_SignIn]LOG]!><time="08:19:30.820+000" date="02-24-2026" component="Get-IntuneData" context="" type="1" thread="19" file="">
<![LOG[Settings Catalog d231150a-6244-4efe-9762-d8d72aada66f : 1 settings]LOG]!><time="08:19:31.249+000" date="02-24-2026" component="Get-ProfileSettings" context="" type="1" thread="19" file="">
<![LOG[  Collecting settings [16/71]: WinEngOS_WinC_CloudOnly_DeliveryOptimization]LOG]!><time="08:19:31.280+000" date="02-24-2026" component="Get-IntuneData" context="" type="1" thread="19" file="">
<![LOG[Settings Catalog d731c456-7f58-4e48-95f4-cd58a2db1441 : 18 settings]LOG]!><time="08:19:31.514+000" date="02-24-2026" component="Get-ProfileSettings" context="" type="1" thread="19" file="">
<![LOG[  Collecting settings [17/71]: WinC_Global_AccountLockoutPolicy_HO_Standard(non-kiosk)]LOG]!><time="08:19:31.546+000" date="02-24-2026" component="Get-IntuneData" context="" type="1" thread="19" file="">
<![LOG[Device Configuration 6ece549e-51f9-4dcf-832e-5959d23bf906 : 1 settings]LOG]!><time="08:19:32.894+000" date="02-24-2026" component="Get-ProfileSettings" context="" type="1" thread="19" file="">
<![LOG[  Collecting settings [18/71]: WinEngOS_Entra_LAPS]LOG]!><time="08:19:32.924+000" date="02-24-2026" component="Get-IntuneData" context="" type="1" thread="19" file="">
<![LOG[Settings Catalog cfbcc037-b448-43b2-afc7-99824bde9af8 : 6 settings]LOG]!><time="08:19:33.122+000" date="02-24-2026" component="Get-ProfileSettings" context="" type="1" thread="19" file="">
<![LOG[  Collecting settings [19/71]: WinD_GLOBAL_ExcludingUS_CredSSP_Oracle_Prod]LOG]!><time="08:19:33.152+000" date="02-24-2026" component="Get-IntuneData" context="" type="1" thread="19" file="">
<![LOG[Settings Catalog 9326c33f-d7c9-41c2-804b-00453c5a9e72 : 1 settings]LOG]!><time="08:19:33.348+000" date="02-24-2026" component="Get-ProfileSettings" context="" type="1" thread="19" file="">
<![LOG[  Collecting settings [20/71]: WinD_GLOBAL_AllDevices_Auditing_Prod]LOG]!><time="08:19:33.380+000" date="02-24-2026" component="Get-IntuneData" context="" type="1" thread="19" file="">
<![LOG[Device Configuration b7e18bb9-a09e-47a3-b2ad-b19470912e6b : 1 settings]LOG]!><time="08:19:33.652+000" date="02-24-2026" component="Get-ProfileSettings" context="" type="1" thread="19" file="">
<![LOG[  Collecting settings [21/71]: WinD-WUfB-Prod-HO-Standard-Ring3]LOG]!><time="08:19:33.686+000" date="02-24-2026" component="Get-IntuneData" context="" type="1" thread="19" file="">
<![LOG[Device Configuration 8be34abf-4c39-4575-8485-93836b4fe673 : 30 settings]LOG]!><time="08:19:35.170+000" date="02-24-2026" component="Get-ProfileSettings" context="" type="1" thread="19" file="">
<![LOG[  Collecting settings [22/71]: WinD_Cert_ADCS_WalmartIssuingCA-RCM-01-SHA1]LOG]!><time="08:19:35.204+000" date="02-24-2026" component="Get-IntuneData" context="" type="1" thread="19" file="">
<![LOG[Device Configuration 39af64e2-4031-48e2-9d7c-56b7947ab0a1 : 2 settings]LOG]!><time="08:19:35.431+000" date="02-24-2026" component="Get-ProfileSettings" context="" type="1" thread="19" file="">
<![LOG[  Collecting settings [23/71]: WinU_HelloForBusiness_CloudTrust]LOG]!><time="08:19:35.462+000" date="02-24-2026" component="Get-IntuneData" context="" type="1" thread="19" file="">
<![LOG[Device Configuration d3b87965-2fb5-464b-9f78-9946eadd896d : 1 settings]LOG]!><time="08:19:36.981+000" date="02-24-2026" component="Get-ProfileSettings" context="" type="1" thread="19" file="">
<![LOG[  Collecting settings [24/71]: WinEngOS_Enable_RDP_Allow_PKU2U]LOG]!><time="08:19:37.015+000" date="02-24-2026" component="Get-IntuneData" context="" type="1" thread="19" file="">
<![LOG[Settings Catalog 7fd3696b-64e4-4a83-a38d-66c34f2f4179 : 3 settings]LOG]!><time="08:19:37.223+000" date="02-24-2026" component="Get-ProfileSettings" context="" type="1" thread="19" file="">
<![LOG[  Collecting settings [25/71]: WinD_Cert_ADCS_WalmartIssuingCA-2FA-01]LOG]!><time="08:19:37.258+000" date="02-24-2026" component="Get-IntuneData" context="" type="1" thread="19" file="">
<![LOG[Device Configuration a630aab9-7bcc-4c6c-aa76-5904b89e8761 : 2 settings]LOG]!><time="08:19:37.472+000" date="02-24-2026" component="Get-ProfileSettings" context="" type="1" thread="19" file="">
<![LOG[  Collecting settings [26/71]: WinD_GLOBAL_Standard_PowerSettings_Prod]LOG]!><time="08:19:37.504+000" date="02-24-2026" component="Get-IntuneData" context="" type="1" thread="19" file="">
<![LOG[Settings Catalog f7041fa6-40da-4ec9-9f13-cb03b98edcdb : 4 settings]LOG]!><time="08:19:37.733+000" date="02-24-2026" component="Get-ProfileSettings" context="" type="1" thread="19" file="">
<![LOG[  Collecting settings [27/71]: WinD_Cert_ADCS_WalmartIssuingCA-RPX-04]LOG]!><time="08:19:37.765+000" date="02-24-2026" component="Get-IntuneData" context="" type="1" thread="19" file="">
<![LOG[Device Configuration d4700c90-b0f8-41aa-a0a2-77c0740be328 : 2 settings]LOG]!><time="08:19:39.264+000" date="02-24-2026" component="Get-ProfileSettings" context="" type="1" thread="19" file="">
<![LOG[  Collecting settings [28/71]: WinD_TEMP_Allow_WindowsUpdate_Over_MeteredConnection]LOG]!><time="08:19:39.298+000" date="02-24-2026" component="Get-IntuneData" context="" type="1" thread="19" file="">
<![LOG[Settings Catalog a0a6d85f-c1db-4f5f-b424-32fb46d5dae5 : 2 settings]LOG]!><time="08:19:39.504+000" date="02-24-2026" component="Get-ProfileSettings" context="" type="1" thread="19" file="">
<![LOG[  Collecting settings [29/71]: WinEngOS_WinD_GLOBAL_DisableRecall]LOG]!><time="08:19:39.536+000" date="02-24-2026" component="Get-IntuneData" context="" type="1" thread="19" file="">
<![LOG[Settings Catalog a296aa3f-7f0d-41db-b5b6-fb869d5f49a7 : 1 settings]LOG]!><time="08:19:39.747+000" date="02-24-2026" component="Get-ProfileSettings" context="" type="1" thread="19" file="">
<![LOG[  Collecting settings [30/71]: WInC_Global_Wired_Network_DefaultConfig]LOG]!><time="08:19:39.779+000" date="02-24-2026" component="Get-IntuneData" context="" type="1" thread="19" file="">
<![LOG[Device Configuration 6c72548f-644b-4b73-bc8d-44e57d2534d3 : 4 settings]LOG]!><time="08:19:40.088+000" date="02-24-2026" component="Get-ProfileSettings" context="" type="1" thread="19" file="">
<![LOG[  Collecting settings [31/71]: WinU_IP_HelloForBusiness_PIN_Biometrics_v2.0]LOG]!><time="08:19:40.118+000" date="02-24-2026" component="Get-IntuneData" context="" type="1" thread="19" file="">
<![LOG[Settings Catalog b6a30d82-65ff-4958-abbe-8f1f3161abbf : 3 settings]LOG]!><time="08:19:40.342+000" date="02-24-2026" component="Get-ProfileSettings" context="" type="1" thread="19" file="">
<![LOG[  Collecting settings [32/71]: WinC_PreferredDomain__HOMEOFFICE_PROD_1.0]LOG]!><time="08:19:40.374+000" date="02-24-2026" component="Get-IntuneData" context="" type="1" thread="19" file="">
<![LOG[Settings Catalog e71c9be9-ab1b-4f52-9f2e-56301c0a7859 : 1 settings]LOG]!><time="08:19:40.645+000" date="02-24-2026" component="Get-ProfileSettings" context="" type="1" thread="19" file="">
<![LOG[  Collecting settings [33/71]: WinC_InteractiveLogon_English]LOG]!><time="08:19:40.674+000" date="02-24-2026" component="Get-IntuneData" context="" type="1" thread="19" file="">
<![LOG[Settings Catalog e895e196-373a-48ac-aeaa-bc38cdd2d40a : 3 settings]LOG]!><time="08:19:40.900+000" date="02-24-2026" component="Get-ProfileSettings" context="" type="1" thread="19" file="">
<![LOG[  Collecting settings [34/71]: WinD_Disable_RSOPLogging]LOG]!><time="08:19:40.927+000" date="02-24-2026" component="Get-IntuneData" context="" type="1" thread="19" file="">
<![LOG[Settings Catalog 3d3e3094-9012-4591-b5fe-2b0f57514c6b : 1 settings]LOG]!><time="08:19:41.130+000" date="02-24-2026" component="Get-ProfileSettings" context="" type="1" thread="19" file="">
<![LOG[  Collecting settings [35/71]: WinD_Cert_ADCS_WalmartIntermediateCA01]LOG]!><time="08:19:41.162+000" date="02-24-2026" component="Get-IntuneData" context="" type="1" thread="19" file="">
<![LOG[Device Configuration d2ecbd37-3ee9-4fc2-aea7-f480303aa8f4 : 2 settings]LOG]!><time="08:19:44.779+000" date="02-24-2026" component="Get-ProfileSettings" context="" type="1" thread="19" file="">
<![LOG[  Collecting settings [36/71]: WinD_GLOBAL_AllDevices_DefaultPolicySettings_Prod]LOG]!><time="08:19:44.825+000" date="02-24-2026" component="Get-IntuneData" context="" type="1" thread="19" file="">
<![LOG[Settings Catalog c25480e2-0e49-498f-99b9-aeab37cafe41 : 101 settings]LOG]!><time="08:19:46.096+000" date="02-24-2026" component="Get-ProfileSettings" context="" type="1" thread="19" file="">
<![LOG[  Collecting settings [37/71]: WinD_Cert_EJBCA_WalmartIntermediateCA-RSA-SHA256-2021]LOG]!><time="08:19:46.128+000" date="02-24-2026" component="Get-IntuneData" context="" type="1" thread="19" file="">
<![LOG[Device Configuration 34af040d-33ec-4553-8a24-d4cc8b01370f : 2 settings]LOG]!><time="08:19:46.336+000" date="02-24-2026" component="Get-ProfileSettings" context="" type="1" thread="19" file="">
<![LOG[  Collecting settings [38/71]: WinD_Cert_ADCS_WalmartIssuingCA-RPX-01]LOG]!><time="08:19:46.372+000" date="02-24-2026" component="Get-IntuneData" context="" type="1" thread="19" file="">
<![LOG[Device Configuration d1c1f013-18ce-4f5a-a182-62a47fea9722 : 2 settings]LOG]!><time="08:19:50.149+000" date="02-24-2026" component="Get-ProfileSettings" context="" type="1" thread="19" file="">
<![LOG[  Collecting settings [39/71]: WinD_ADMX_OneDrive_Machine_Settings_Prod_v1.0]LOG]!><time="08:19:50.187+000" date="02-24-2026" component="Get-IntuneData" context="" type="1" thread="19" file="">
<![LOG[Administrative Template 86b1d754-8bce-41c0-8386-c498313d9764 : 1 settings]LOG]!><time="08:19:50.727+000" date="02-24-2026" component="Get-ProfileSettings" context="" type="1" thread="19" file="">
<![LOG[  Collecting settings [40/71]: WinC_SC_NetworkProxy_DisableOverride]LOG]!><time="08:19:50.758+000" date="02-24-2026" component="Get-IntuneData" context="" type="1" thread="19" file="">
<![LOG[Settings Catalog b0db7921-f3ed-4662-a318-157d3ea265f6 : 1 settings]LOG]!><time="08:19:50.952+000" date="02-24-2026" component="Get-ProfileSettings" context="" type="1" thread="19" file="">
<![LOG[  Collecting settings [41/71]: WinD_Telemetry_Full_Log Analytics]LOG]!><time="08:19:50.985+000" date="02-24-2026" component="Get-IntuneData" context="" type="1" thread="19" file="">
<![LOG[Settings Catalog 77006b61-5ee3-4fce-8da3-e5644ffd49ea : 5 settings]LOG]!><time="08:19:51.210+000" date="02-24-2026" component="Get-ProfileSettings" context="" type="1" thread="19" file="">
<![LOG[  Collecting settings [42/71]: WinD_DR_LidCloseAction_v1.0]LOG]!><time="08:19:51.243+000" date="02-24-2026" component="Get-IntuneData" context="" type="1" thread="19" file="">
<![LOG[Device Configuration c1f33faf-0b7a-446e-b65a-663901501745 : 227 settings]LOG]!><time="08:19:51.822+000" date="02-24-2026" component="Get-ProfileSettings" context="" type="1" thread="19" file="">
<![LOG[  Collecting settings [43/71]: WinD_Cert_EJBCA_WalmartRootCA-RSA-SHA256-2021]LOG]!><time="08:19:51.857+000" date="02-24-2026" component="Get-IntuneData" context="" type="1" thread="19" file="">
<![LOG[Device Configuration faf87b64-6dd6-4212-9341-5f0b2e30d9c9 : 2 settings]LOG]!><time="08:19:55.414+000" date="02-24-2026" component="Get-ProfileSettings" context="" type="1" thread="19" file="">
<![LOG[  Collecting settings [44/71]: WinD_Prod_News_and_Interest_Policy_v1.0]LOG]!><time="08:19:55.445+000" date="02-24-2026" component="Get-IntuneData" context="" type="1" thread="19" file="">
<![LOG[Settings Catalog 86277be7-bccb-436f-85c5-ce0594451288 : 1 settings]LOG]!><time="08:19:55.697+000" date="02-24-2026" component="Get-ProfileSettings" context="" type="1" thread="19" file="">
<![LOG[  Collecting settings [45/71]: Collab_WinD_OneDrive_Base-Settings-KFM]LOG]!><time="08:19:55.725+000" date="02-24-2026" component="Get-IntuneData" context="" type="1" thread="19" file="">
<![LOG[Settings Catalog 8c224688-9baa-465e-b069-0ea7a6474c99 : 12 settings]LOG]!><time="08:19:55.953+000" date="02-24-2026" component="Get-ProfileSettings" context="" type="1" thread="19" file="">
<![LOG[  Collecting settings [46/71]: WinD_EP_ExploitGuard_AttackSurfaceReduction_v1.0]LOG]!><time="08:19:55.981+000" date="02-24-2026" component="Get-IntuneData" context="" type="1" thread="19" file="">
<![LOG[Settings Catalog 8535ac98-a9b5-41b3-bb8b-351408bbe696 : 2 settings]LOG]!><time="08:19:56.238+000" date="02-24-2026" component="Get-ProfileSettings" context="" type="1" thread="19" file="">
<![LOG[  Collecting settings [47/71]: WinD_Windows_Health_Monitoring_Profile]LOG]!><time="08:19:56.266+000" date="02-24-2026" component="Get-IntuneData" context="" type="1" thread="19" file="">
<![LOG[Device Configuration 00b54e5f-3c06-4923-aeb9-9e95e5090225 : 2 settings]LOG]!><time="08:19:56.534+000" date="02-24-2026" component="Get-ProfileSettings" context="" type="1" thread="19" file="">
<![LOG[  Collecting settings [48/71]: WinD_Cert_ADCS_WalmartIssuingCA-2FA-04]LOG]!><time="08:19:56.570+000" date="02-24-2026" component="Get-IntuneData" context="" type="1" thread="19" file="">
<![LOG[Device Configuration 3c5d7a07-8428-4d6b-bfd3-fc0983540862 : 2 settings]LOG]!><time="08:19:59.850+000" date="02-24-2026" component="Get-ProfileSettings" context="" type="1" thread="19" file="">
<![LOG[  Collecting settings [49/71]: WinD_GLOBAL_AllDevices_UserRights_Prod]LOG]!><time="08:19:59.884+000" date="02-24-2026" component="Get-IntuneData" context="" type="1" thread="19" file="">
<![LOG[Device Configuration 80e6e4d0-91f8-42e7-b05d-02d725422e14 : 1 settings]LOG]!><time="08:20:00.119+000" date="02-24-2026" component="Get-ProfileSettings" context="" type="1" thread="19" file="">
<![LOG[  Collecting settings [50/71]: WinEngOS_WinC_Cloud-Admin-Clients-HO]LOG]!><time="08:20:00.150+000" date="02-24-2026" component="Get-IntuneData" context="" type="1" thread="19" file="">
<![LOG[Settings Catalog c2b67a37-7c16-4c3b-8b2e-e668026685e4 : 1 settings]LOG]!><time="08:20:00.381+000" date="02-24-2026" component="Get-ProfileSettings" context="" type="1" thread="19" file="">
<![LOG[  Collecting settings [51/71]: WinD_GLOBAL_AllDevices_EdgeChromium_Prod]LOG]!><time="08:20:00.412+000" date="02-24-2026" component="Get-IntuneData" context="" type="1" thread="19" file="">
<![LOG[Settings Catalog c046e6cb-2a20-4136-a279-1a04ba9055a4 : 24 settings]LOG]!><time="08:20:00.675+000" date="02-24-2026" component="Get-ProfileSettings" context="" type="1" thread="19" file="">
<![LOG[  Collecting settings [52/71]: WinD_Cert_EJBCA_WalmartIssuingCA-COD-01-RSA-SHA256-2021]LOG]!><time="08:20:00.706+000" date="02-24-2026" component="Get-IntuneData" context="" type="1" thread="19" file="">
<![LOG[Device Configuration 73c936b9-af69-40c9-bd8b-629a6b9a33b3 : 2 settings]LOG]!><time="08:20:04.608+000" date="02-24-2026" component="Get-ProfileSettings" context="" type="1" thread="19" file="">
<![LOG[  Collecting settings [53/71]: WinEngOS_WinD_GLOBAL_Teams_Location_Enablement]LOG]!><time="08:20:04.645+000" date="02-24-2026" component="Get-IntuneData" context="" type="1" thread="19" file="">
<![LOG[Settings Catalog 28496a80-59e2-47b5-beea-b74a593f8bb1 : 1 settings]LOG]!><time="08:20:04.854+000" date="02-24-2026" component="Get-ProfileSettings" context="" type="1" thread="19" file="">
<![LOG[  Collecting settings [54/71]: WinD_ADMX_WindowsPowerSettings_v1.0]LOG]!><time="08:20:04.884+000" date="02-24-2026" component="Get-IntuneData" context="" type="1" thread="19" file="">
<![LOG[Administrative Template ce5784c8-46ad-4560-898d-2aae3a4f5a0b : 4 settings]LOG]!><time="08:20:05.361+000" date="02-24-2026" component="Get-ProfileSettings" context="" type="1" thread="19" file="">
<![LOG[  Collecting settings [55/71]: WinD_Custom_DisableUserESP_v1.0]LOG]!><time="08:20:05.391+000" date="02-24-2026" component="Get-IntuneData" context="" type="1" thread="19" file="">
<![LOG[Device Configuration 0ce4359f-2b0b-4781-bba3-30a1ff4acf87 : 1 settings]LOG]!><time="08:20:05.693+000" date="02-24-2026" component="Get-ProfileSettings" context="" type="1" thread="19" file="">
<![LOG[  Collecting settings [56/71]: WinD_EnableFastUserSwitching]LOG]!><time="08:20:05.730+000" date="02-24-2026" component="Get-IntuneData" context="" type="1" thread="19" file="">
<![LOG[Settings Catalog 0adefe71-798d-4c19-9a95-e993315c7052 : 1 settings]LOG]!><time="08:20:05.943+000" date="02-24-2026" component="Get-ProfileSettings" context="" type="1" thread="19" file="">
<![LOG[  Collecting settings [57/71]: WinD_Cert_ADCS_WalmartIssuingCA-TLS-03]LOG]!><time="08:20:05.976+000" date="02-24-2026" component="Get-IntuneData" context="" type="1" thread="19" file="">
<![LOG[Device Configuration a60c7b9e-faf2-4211-8230-b1f0aecf36e1 : 2 settings]LOG]!><time="08:20:09.279+000" date="02-24-2026" component="Get-ProfileSettings" context="" type="1" thread="19" file="">
<![LOG[  Collecting settings [58/71]: WinC_DisableWebSign-In__HOMEOFFICE_PROD_1.0]LOG]!><time="08:20:09.315+000" date="02-24-2026" component="Get-IntuneData" context="" type="1" thread="19" file="">
<![LOG[Settings Catalog 9a650885-5672-430f-ab11-994140002967 : 1 settings]LOG]!><time="08:20:09.568+000" date="02-24-2026" component="Get-ProfileSettings" context="" type="1" thread="19" file="">
<![LOG[  Collecting settings [59/71]: WinD_GLOBAL_Win11_DefaultPolicySettings_Prod]LOG]!><time="08:20:09.602+000" date="02-24-2026" component="Get-IntuneData" context="" type="1" thread="19" file="">
<![LOG[Settings Catalog a8414cdd-ef94-420a-8bdc-fb38c618f6df : 3 settings]LOG]!><time="08:20:09.810+000" date="02-24-2026" component="Get-ProfileSettings" context="" type="1" thread="19" file="">
<![LOG[  Collecting settings [60/71]: WinD_Cert_ADCS_WalmartIssuingCA-2FA-03]LOG]!><time="08:20:09.842+000" date="02-24-2026" component="Get-IntuneData" context="" type="1" thread="19" file="">
<![LOG[Device Configuration e3f16f58-0307-4661-8b65-a08c82b73946 : 2 settings]LOG]!><time="08:20:10.054+000" date="02-24-2026" component="Get-ProfileSettings" context="" type="1" thread="19" file="">
<![LOG[  Collecting settings [61/71]: WinC_DR_NetworkProxy_UniversalPAC_Prod]LOG]!><time="08:20:10.087+000" date="02-24-2026" component="Get-IntuneData" context="" type="1" thread="19" file="">
<![LOG[Device Configuration 6c862699-8a3d-4be8-bb8c-a777bbf1717b : 227 settings]LOG]!><time="08:20:14.185+000" date="02-24-2026" component="Get-ProfileSettings" context="" type="1" thread="19" file="">
<![LOG[  Collecting settings [62/71]: WinD_Enable_Windows_NTP_Client]LOG]!><time="08:20:14.215+000" date="02-24-2026" component="Get-IntuneData" context="" type="1" thread="19" file="">
<![LOG[Settings Catalog 0f3c0fa5-d832-4c18-9a88-fa8cf780f34c : 1 settings]LOG]!><time="08:20:14.432+000" date="02-24-2026" component="Get-ProfileSettings" context="" type="1" thread="19" file="">
<![LOG[  Collecting settings [63/71]: WinD_EP_Antivirus_ExclusionList_v1.0]LOG]!><time="08:20:14.460+000" date="02-24-2026" component="Get-IntuneData" context="" type="1" thread="19" file="">
<![LOG[Settings Catalog 57510880-8341-43e3-bbdc-44ce33569459 : 2 settings]LOG]!><time="08:20:14.684+000" date="02-24-2026" component="Get-ProfileSettings" context="" type="1" thread="19" file="">
<![LOG[  Collecting settings [64/71]: WinD-TargetReleaseVersion-24H2]LOG]!><time="08:20:14.714+000" date="02-24-2026" component="Get-IntuneData" context="" type="1" thread="19" file="">
<![LOG[Device Configuration d6075710-de27-448c-94e6-435bed39b3ee : 1 settings]LOG]!><time="08:20:14.998+000" date="02-24-2026" component="Get-ProfileSettings" context="" type="1" thread="19" file="">
<![LOG[  Collecting settings [65/71]: WinD_Cert_ADCS_WalmartIntermediateCA02]LOG]!><time="08:20:15.029+000" date="02-24-2026" component="Get-IntuneData" context="" type="1" thread="19" file="">
<![LOG[Device Configuration a718c7bd-e58f-45c2-97d2-8543ea0dfa9d : 2 settings]LOG]!><time="08:20:18.667+000" date="02-24-2026" component="Get-ProfileSettings" context="" type="1" thread="19" file="">
<![LOG[  Collecting settings [66/71]: WinD_Cert_ADCS_WalmartIssuingCA-RPX-02]LOG]!><time="08:20:18.701+000" date="02-24-2026" component="Get-IntuneData" context="" type="1" thread="19" file="">
<![LOG[Device Configuration f940ceae-fb18-4895-ad6d-2d0582a5c481 : 2 settings]LOG]!><time="08:20:19.202+000" date="02-24-2026" component="Get-ProfileSettings" context="" type="1" thread="19" file="">
<![LOG[  Collecting settings [67/71]: WinD_SCEP_EJBCA_Cert_Profile_AADOnly]LOG]!><time="08:20:19.232+000" date="02-24-2026" component="Get-IntuneData" context="" type="1" thread="19" file="">
<![LOG[Device Configuration 9dcf4227-44fb-4a9a-b1d3-ff936453f72f : 14 settings]LOG]!><time="08:20:19.653+000" date="02-24-2026" component="Get-ProfileSettings" context="" type="1" thread="19" file="">
<![LOG[  Collecting settings [68/71]: WinEngOS_WinD_GLOBAL_Disable_Widgets]LOG]!><time="08:20:19.679+000" date="02-24-2026" component="Get-IntuneData" context="" type="1" thread="19" file="">
<![LOG[Settings Catalog 7b9c3cc3-ec24-480b-a5cc-7bf77fbc87b3 : 1 settings]LOG]!><time="08:20:20.042+000" date="02-24-2026" component="Get-ProfileSettings" context="" type="1" thread="19" file="">
<![LOG[  Collecting settings [69/71]: WinD_HO_AllDevices_EdgeChromium_Prod]LOG]!><time="08:20:20.069+000" date="02-24-2026" component="Get-IntuneData" context="" type="1" thread="19" file="">
<![LOG[Settings Catalog 2e1613be-093b-41b6-91a2-43f7221026cc : 44 settings]LOG]!><time="08:20:20.927+000" date="02-24-2026" component="Get-ProfileSettings" context="" type="1" thread="19" file="">
<![LOG[  Collecting settings [70/71]: WinD_Cert_ADCS_WalmartRootCA-SHA256]LOG]!><time="08:20:20.957+000" date="02-24-2026" component="Get-IntuneData" context="" type="1" thread="19" file="">
<![LOG[Device Configuration 6acbb306-ff36-4370-8001-37cf85ff12c9 : 2 settings]LOG]!><time="08:20:21.168+000" date="02-24-2026" component="Get-ProfileSettings" context="" type="1" thread="19" file="">
<![LOG[  Collecting settings [71/71]: WinD_Cert_EJBCA_WalmartEJBCAManagementCA-2021]LOG]!><time="08:20:21.194+000" date="02-24-2026" component="Get-IntuneData" context="" type="1" thread="19" file="">
<![LOG[Device Configuration 073b460a-468e-4f7a-ad6f-b3cc66e0c023 : 2 settings]LOG]!><time="08:20:21.477+000" date="02-24-2026" component="Get-ProfileSettings" context="" type="1" thread="19" file="">
<![LOG[Collected settings for 70 of 71 deployed profiles]LOG]!><time="08:20:21.523+000" date="02-24-2026" component="Get-IntuneData" context="" type="1" thread="19" file="">
<![LOG[Profile settings collected: 70 of 71 deployed profiles have settings data]LOG]!><time="08:20:21.554+000" date="02-24-2026" component="Get-IntuneData" context="" type="1" thread="19" file="">
<![LOG[Found 72 total configuration profiles ( deployed,  not deployed)]LOG]!><time="08:20:21.583+000" date="02-24-2026" component="Get-IntuneData" context="" type="1" thread="19" file="">
<![LOG[Collecting applications...]LOG]!><time="08:20:21.610+000" date="02-24-2026" component="Get-IntuneData" context="" type="1" thread="19" file="">
<![LOG[Collecting Intune applications...]LOG]!><time="08:20:21.641+000" date="02-24-2026" component="Get-IntuneApplications" context="" type="1" thread="19" file="">
<![LOG[Starting application collection]LOG]!><time="08:20:21.668+000" date="02-24-2026" component="Get-IntuneApplications" context="" type="1" thread="19" file="">
<![LOG[Graph API call: GET mobileApps with assignments]LOG]!><time="08:20:21.691+000" date="02-24-2026" component="Get-IntuneApplications" context="" type="1" thread="19" file="">
<![LOG[Applications: 1369 returned across 2 page(s) in 13672ms]LOG]!><time="08:20:35.388+000" date="02-24-2026" component="Get-IntuneApplications" context="" type="1" thread="19" file="">
<![LOG[Found 1369 applications (1094 with assignments)]LOG]!><time="08:20:35.633+000" date="02-24-2026" component="Get-IntuneApplications" context="" type="1" thread="19" file="">
<![LOG[Application collection complete: 1369 apps (1094 with assignments)]LOG]!><time="08:20:35.664+000" date="02-24-2026" component="Get-IntuneApplications" context="" type="1" thread="19" file="">
<![LOG[Querying install status for 33 apps via local registry...]LOG]!><time="08:20:35.916+000" date="02-24-2026" component="Get-IntuneData" context="" type="1" thread="19" file="">
<![LOG[Querying app install status via local IME registry on HOEUS2610075480]LOG]!><time="08:20:35.947+000" date="02-24-2026" component="Get-IntuneData" context="" type="1" thread="19" file="">
<![LOG[Querying local Win32 app registry on HOEUS2610075480...]LOG]!><time="08:20:35.981+000" date="02-24-2026" component="Get-LocalIntuneApplications" context="" type="1" thread="19" file="">
<![LOG[Starting local Win32 app registry query]LOG]!><time="08:20:36.011+000" date="02-24-2026" component="Get-LocalIntuneApplications" context="" type="1" thread="19" file="">
<![LOG[Local Win32 app query successful: 34 apps found in 76ms]LOG]!><time="08:20:36.117+000" date="02-24-2026" component="Get-LocalIntuneApplications" context="" type="1" thread="19" file="">
<![LOG[Found 34 Win32 apps in local registry]LOG]!><time="08:20:36.148+000" date="02-24-2026" component="Get-LocalIntuneApplications" context="" type="1" thread="19" file="">
<![LOG[Found install status for 33/33 apps via local registry]LOG]!><time="08:20:36.182+000" date="02-24-2026" component="Get-IntuneData" context="" type="1" thread="19" file="">
<![LOG[App install status: 33 matches out of 33 apps from local IME registry]LOG]!><time="08:20:36.212+000" date="02-24-2026" component="Get-IntuneData" context="" type="1" thread="19" file="">
<![LOG[Step 6/6: Collecting compliance policies...]LOG]!><time="08:20:36.240+000" date="02-24-2026" component="Get-IntuneData" context="" type="1" thread="19" file="">
<![LOG[Collecting compliance policies...]LOG]!><time="08:20:36.270+000" date="02-24-2026" component="Get-CompliancePolicies" context="" type="1" thread="19" file="">
<![LOG[Starting compliance policy collection]LOG]!><time="08:20:36.296+000" date="02-24-2026" component="Get-CompliancePolicies" context="" type="1" thread="19" file="">
<![LOG[Graph API call: GET deviceCompliancePolicies with assignments]LOG]!><time="08:20:36.323+000" date="02-24-2026" component="Get-CompliancePolicies" context="" type="1" thread="19" file="">
<![LOG[Compliance policies: 15 returned across 1 page(s) in 809ms]LOG]!><time="08:20:37.161+000" date="02-24-2026" component="Get-CompliancePolicies" context="" type="1" thread="19" file="">
<![LOG[Found 15 compliance policies]LOG]!><time="08:20:37.215+000" date="02-24-2026" component="Get-CompliancePolicies" context="" type="1" thread="19" file="">
<![LOG[Compliance policy collection complete: 15 policies]LOG]!><time="08:20:37.245+000" date="02-24-2026" component="Get-CompliancePolicies" context="" type="1" thread="19" file="">
<![LOG[Collecting device compliance policy states...]LOG]!><time="08:20:37.279+000" date="02-24-2026" component="Get-IntuneData" context="" type="1" thread="19" file="">
<![LOG[Collecting device compliance policy states...]LOG]!><time="08:20:37.312+000" date="02-24-2026" component="Get-DeviceCompliancePolicyStates" context="" type="1" thread="19" file="">
<![LOG[Starting device compliance policy state collection for device: 8263f1e0-ff7c-4b69-8750-e82387b57dd9]LOG]!><time="08:20:37.338+000" date="02-24-2026" component="Get-DeviceCompliancePolicyStates" context="" type="1" thread="19" file="">
<![LOG[Graph API call: POST getDevicePoliciesComplianceReport filtered by DeviceId=8263f1e0-ff7c-4b69-8750-e82387b57dd9]LOG]!><time="08:20:37.366+000" date="02-24-2026" component="Get-DeviceCompliancePolicyStates" context="" type="1" thread="19" file="">
<![LOG[Compliance report: 2 row(s) in 524ms (columns: DeviceId, LastContact, PolicyId, PolicyName, PolicyPlatformType, PolicyStatus, PolicyStatus_loc, PolicyVersion, UPN, UserName)]LOG]!><time="08:20:37.936+000" date="02-24-2026" component="Get-DeviceCompliancePolicyStates" context="" type="1" thread="19" file="">
<![LOG[  Policy: Default Device Compliance Policy -> Compliant (PolicyId=c0f4911a-7ce6-4804-8563-677a2665d379)]LOG]!><time="08:20:37.966+000" date="02-24-2026" component="Get-DeviceCompliancePolicyStates" context="" type="1" thread="19" file="">
<![LOG[  Policy: WindowsCompliance_v2.0 -> Compliant (PolicyId=ac4296a3-3ce3-489e-8025-ba0b34c57ae5)]LOG]!><time="08:20:37.994+000" date="02-24-2026" component="Get-DeviceCompliancePolicyStates" context="" type="1" thread="19" file="">
<![LOG[Found 2 compliance policy states for device]LOG]!><time="08:20:38.022+000" date="02-24-2026" component="Get-DeviceCompliancePolicyStates" context="" type="1" thread="19" file="">
<![LOG[Device compliance policy state collection complete: 2 states]LOG]!><time="08:20:38.048+000" date="02-24-2026" component="Get-DeviceCompliancePolicyStates" context="" type="1" thread="19" file="">
<![LOG[Collecting proactive remediations...]LOG]!><time="08:20:38.102+000" date="02-24-2026" component="Get-IntuneData" context="" type="1" thread="19" file="">
<![LOG[Graph API call: GET deviceHealthScriptStates for device 8263f1e0-ff7c-4b69-8750-e82387b57dd9]LOG]!><time="08:20:38.130+000" date="02-24-2026" component="Get-IntuneData" context="" type="1" thread="19" file="">
<![LOG[Device health script states: 27 returned across 1 page(s) in 505ms]LOG]!><time="08:20:38.662+000" date="02-24-2026" component="Get-IntuneData" context="" type="1" thread="19" file="">
<![LOG[Found 27 proactive remediation states for device]LOG]!><time="08:20:38.699+000" date="02-24-2026" component="Get-IntuneData" context="" type="1" thread="19" file="">
<![LOG[Proactive remediation collection complete: 27 states]LOG]!><time="08:20:38.729+000" date="02-24-2026" component="Get-IntuneData" context="" type="1" thread="19" file="">
<![LOG[Intune data collection complete!]LOG]!><time="08:20:38.760+000" date="02-24-2026" component="Get-IntuneData" context="" type="1" thread="19" file="">
<![LOG[  Azure AD Device: Found]LOG]!><time="08:20:38.788+000" date="02-24-2026" component="Get-IntuneData" context="" type="1" thread="19" file="">
<![LOG[  Managed Device: Found]LOG]!><time="08:20:38.816+000" date="02-24-2026" component="Get-IntuneData" context="" type="1" thread="19" file="">
<![LOG[  Entra ID Device Groups: 27]LOG]!><time="08:20:38.844+000" date="02-24-2026" component="Get-IntuneData" context="" type="1" thread="19" file="">
<![LOG[  Configuration Profiles: 72]LOG]!><time="08:20:38.871+000" date="02-24-2026" component="Get-IntuneData" context="" type="1" thread="19" file="">
<![LOG[  Applications: 33]LOG]!><time="08:20:38.901+000" date="02-24-2026" component="Get-IntuneData" context="" type="1" thread="19" file="">
<![LOG[  Compliance Policies: 2]LOG]!><time="08:20:38.929+000" date="02-24-2026" component="Get-IntuneData" context="" type="1" thread="19" file="">
<![LOG[  Proactive Remediations: 27]LOG]!><time="08:20:38.957+000" date="02-24-2026" component="Get-IntuneData" context="" type="1" thread="19" file="">
<![LOG[Track C: Starting SCCM collection...]LOG]!><time="08:20:38.986+000" date="02-24-2026" component="Invoke-DeviceDNACollection" context="" type="1" thread="19" file="">
<![LOG[Starting SCCM data collection...]LOG]!><time="08:20:39.014+000" date="02-24-2026" component="Get-SCCMData" context="" type="1" thread="19" file="">
<![LOG[Starting SCCM data collection for HOEUS2610075480]LOG]!><time="08:20:39.045+000" date="02-24-2026" component="Get-SCCMData" context="" type="1" thread="19" file="">
<![LOG[SCCM client not installed  skipping SCCM collection]LOG]!><time="08:20:39.078+000" date="02-24-2026" component="Get-SCCMData" context="" type="1" thread="19" file="">
<![LOG[SCCM client not detected on HOEUS2610075480]LOG]!><time="08:20:39.108+000" date="02-24-2026" component="Get-SCCMData" context="" type="1" thread="19" file="">
<![LOG[Track C: SCCM client not installed  skipped]LOG]!><time="08:20:39.136+000" date="02-24-2026" component="Invoke-DeviceDNACollection" context="" type="1" thread="19" file="">
<![LOG[Track D: Starting Windows Update collection...]LOG]!><time="08:20:39.163+000" date="02-24-2026" component="Invoke-DeviceDNACollection" context="" type="1" thread="19" file="">
<![LOG[Starting Windows Update data collection...]LOG]!><time="08:20:39.192+000" date="02-24-2026" component="Get-WindowsUpdateData" context="" type="1" thread="19" file="">
<![LOG[Starting Windows Update collection for HOEUS2610075480]LOG]!><time="08:20:39.219+000" date="02-24-2026" component="Get-WindowsUpdateData" context="" type="1" thread="19" file="">
<![LOG[  [1/10] WindowsUpdate Policy...]LOG]!><time="08:20:39.248+000" date="02-24-2026" component="Get-WindowsUpdateData" context="" type="1" thread="19" file="">
<![LOG[Reading WU hive: WindowsUpdate Policy (HKLM:\SOFTWARE\Policies\Microsoft\Windows\WindowsUpdate)]LOG]!><time="08:20:39.277+000" date="02-24-2026" component="Read-WURegistryHive" context="" type="1" thread="19" file="">
<![LOG[  WindowsUpdate Policy: Key not present (not configured)]LOG]!><time="08:20:39.314+000" date="02-24-2026" component="Read-WURegistryHive" context="" type="1" thread="19" file="">
<![LOG[  [2/10] Automatic Updates (AU)...]LOG]!><time="08:20:39.343+000" date="02-24-2026" component="Get-WindowsUpdateData" context="" type="1" thread="19" file="">
<![LOG[Reading WU hive: Automatic Updates (AU) (HKLM:\SOFTWARE\Policies\Microsoft\Windows\WindowsUpdate\AU)]LOG]!><time="08:20:39.372+000" date="02-24-2026" component="Read-WURegistryHive" context="" type="1" thread="19" file="">
<![LOG[  Automatic Updates (AU): Key not present (not configured)]LOG]!><time="08:20:39.408+000" date="02-24-2026" component="Read-WURegistryHive" context="" type="1" thread="19" file="">
<![LOG[  [3/10] Update Policy State...]LOG]!><time="08:20:39.438+000" date="02-24-2026" component="Get-WindowsUpdateData" context="" type="1" thread="19" file="">
<![LOG[Reading WU hive: Update Policy State (HKLM:\SOFTWARE\Microsoft\WindowsUpdate\UpdatePolicy\Settings)]LOG]!><time="08:20:39.465+000" date="02-24-2026" component="Read-WURegistryHive" context="" type="1" thread="19" file="">
<![LOG[  [KNOWN] PausedQualityStatus = 0 (Not paused)]LOG]!><time="08:20:39.533+000" date="02-24-2026" component="Read-WURegistryHive" context="" type="1" thread="19" file="">
<![LOG[  [KNOWN] PausedFeatureStatus = 0 (Not paused)]LOG]!><time="08:20:39.560+000" date="02-24-2026" component="Read-WURegistryHive" context="" type="1" thread="19" file="">
<![LOG[  [4/10] UX Settings (User Preferences)...]LOG]!><time="08:20:39.590+000" date="02-24-2026" component="Get-WindowsUpdateData" context="" type="1" thread="19" file="">
<![LOG[Reading WU hive: UX Settings (User Preferences) (HKLM:\SOFTWARE\Microsoft\WindowsUpdate\UX\Settings)]LOG]!><time="08:20:39.618+000" date="02-24-2026" component="Read-WURegistryHive" context="" type="1" thread="19" file="">
<![LOG[  UX Settings (User Preferences): Key exists but empty]LOG]!><time="08:20:39.645+000" date="02-24-2026" component="Read-WURegistryHive" context="" type="1" thread="19" file="">
<![LOG[  [5/10] Auto Update Runtime...]LOG]!><time="08:20:39.673+000" date="02-24-2026" component="Get-WindowsUpdateData" context="" type="1" thread="19" file="">
<![LOG[Reading WU hive: Auto Update Runtime (HKLM:\SOFTWARE\Microsoft\Windows\CurrentVersion\WindowsUpdate\Auto Update)]LOG]!><time="08:20:39.696+000" date="02-24-2026" component="Read-WURegistryHive" context="" type="1" thread="19" file="">
<![LOG[  Auto Update Runtime: Key exists but empty]LOG]!><time="08:20:39.724+000" date="02-24-2026" component="Read-WURegistryHive" context="" type="1" thread="19" file="">
<![LOG[  [6/10] Last Scan Result...]LOG]!><time="08:20:39.752+000" date="02-24-2026" component="Get-WindowsUpdateData" context="" type="1" thread="19" file="">
<![LOG[Reading WU hive: Last Scan Result (HKLM:\SOFTWARE\Microsoft\Windows\CurrentVersion\WindowsUpdate\Auto Update\Results\Detect)]LOG]!><time="08:20:39.779+000" date="02-24-2026" component="Read-WURegistryHive" context="" type="1" thread="19" file="">
<![LOG[  Last Scan Result: Key not present (not configured)]LOG]!><time="08:20:39.841+000" date="02-24-2026" component="Read-WURegistryHive" context="" type="1" thread="19" file="">
<![LOG[  [7/10] Last Install Result...]LOG]!><time="08:20:39.871+000" date="02-24-2026" component="Get-WindowsUpdateData" context="" type="1" thread="19" file="">
<![LOG[Reading WU hive: Last Install Result (HKLM:\SOFTWARE\Microsoft\Windows\CurrentVersion\WindowsUpdate\Auto Update\Results\Install)]LOG]!><time="08:20:39.899+000" date="02-24-2026" component="Read-WURegistryHive" context="" type="1" thread="19" file="">
<![LOG[  Last Install Result: Key not present (not configured)]LOG]!><time="08:20:39.963+000" date="02-24-2026" component="Read-WURegistryHive" context="" type="1" thread="19" file="">
<![LOG[  [8/10] Last Download Result...]LOG]!><time="08:20:39.991+000" date="02-24-2026" component="Get-WindowsUpdateData" context="" type="1" thread="19" file="">
<![LOG[Reading WU hive: Last Download Result (HKLM:\SOFTWARE\Microsoft\Windows\CurrentVersion\WindowsUpdate\Auto Update\Results\Download)]LOG]!><time="08:20:40.018+000" date="02-24-2026" component="Read-WURegistryHive" context="" type="1" thread="19" file="">
<![LOG[  Last Download Result: Key not present (not configured)]LOG]!><time="08:20:40.069+000" date="02-24-2026" component="Read-WURegistryHive" context="" type="1" thread="19" file="">
<![LOG[  [9/10] OS Version...]LOG]!><time="08:20:40.099+000" date="02-24-2026" component="Get-WindowsUpdateData" context="" type="1" thread="19" file="">
<![LOG[Reading WU hive: OS Version (HKLM:\SOFTWARE\Microsoft\Windows NT\CurrentVersion)]LOG]!><time="08:20:40.127+000" date="02-24-2026" component="Read-WURegistryHive" context="" type="1" thread="19" file="">
<![LOG[  [KNOWN] ProductName = Windows 10 Enterprise (Windows 10 Enterprise)]LOG]!><time="08:20:40.159+000" date="02-24-2026" component="Read-WURegistryHive" context="" type="1" thread="19" file="">
<![LOG[  [KNOWN] InstallDate = 1771861540 (2026-02-23 09:45:40)]LOG]!><time="08:20:40.190+000" date="02-24-2026" component="Read-WURegistryHive" context="" type="1" thread="19" file="">
<![LOG[  [KNOWN] BuildBranch = ge_release (ge_release)]LOG]!><time="08:20:40.218+000" date="02-24-2026" component="Read-WURegistryHive" context="" type="1" thread="19" file="">
<![LOG[  [KNOWN] EditionID = Enterprise (Enterprise)]LOG]!><time="08:20:40.243+000" date="02-24-2026" component="Read-WURegistryHive" context="" type="1" thread="19" file="">
<![LOG[  [KNOWN] UBR = 7840 (7840)]LOG]!><time="08:20:40.272+000" date="02-24-2026" component="Read-WURegistryHive" context="" type="1" thread="19" file="">
<![LOG[  [KNOWN] ReleaseId = 2009 (2009)]LOG]!><time="08:20:40.299+000" date="02-24-2026" component="Read-WURegistryHive" context="" type="1" thread="19" file="">
<![LOG[  [KNOWN] CurrentBuild = 26200 (26200)]LOG]!><time="08:20:40.327+000" date="02-24-2026" component="Read-WURegistryHive" context="" type="1" thread="19" file="">
<![LOG[  [KNOWN] DisplayVersion = 25H2 (25H2)]LOG]!><time="08:20:40.354+000" date="02-24-2026" component="Read-WURegistryHive" context="" type="1" thread="19" file="">
<![LOG[  [KNOWN] CurrentBuildNumber = 26200 (26200)]LOG]!><time="08:20:40.381+000" date="02-24-2026" component="Read-WURegistryHive" context="" type="1" thread="19" file="">
<![LOG[  [KNOWN] InstallationType = Client (Client)]LOG]!><time="08:20:40.408+000" date="02-24-2026" component="Read-WURegistryHive" context="" type="1" thread="19" file="">
<![LOG[  [10/10] Delivery Optimization...]LOG]!><time="08:20:40.437+000" date="02-24-2026" component="Get-WindowsUpdateData" context="" type="1" thread="19" file="">
<![LOG[Reading WU hive: Delivery Optimization (HKLM:\SOFTWARE\Policies\Microsoft\Windows\DeliveryOptimization)]LOG]!><time="08:20:40.466+000" date="02-24-2026" component="Read-WURegistryHive" context="" type="1" thread="19" file="">
<![LOG[  Delivery Optimization: Key not present (not configured)]LOG]!><time="08:20:40.501+000" date="02-24-2026" component="Read-WURegistryHive" context="" type="1" thread="19" file="">
<![LOG[  Checking reboot indicators...]LOG]!><time="08:20:40.532+000" date="02-24-2026" component="Get-WindowsUpdateData" context="" type="1" thread="19" file="">
<![LOG[  Reboot PENDING (1 indicator(s))]LOG]!><time="08:20:40.609+000" date="02-24-2026" component="Get-WindowsUpdateData" context="" type="2" thread="19" file="">
<![LOG[Reboot pending: PendingFileRenameOperations]LOG]!><time="08:20:40.638+000" date="02-24-2026" component="Get-WindowsUpdateData" context="" type="2" thread="19" file="">
<![LOG[  Querying Windows Update Agent (COM API)...]LOG]!><time="08:20:40.665+000" date="02-24-2026" component="Get-WindowsUpdateData" context="" type="1" thread="19" file="">
<![LOG[Querying WUA COM API...]LOG]!><time="08:20:40.694+000" date="02-24-2026" component="Get-WUAUpdateStatus" context="" type="1" thread="19" file="">
<![LOG[Windows Update collection completed (6 pending, 50 history)]LOG]!><time="08:20:53.228+000" date="02-24-2026" component="Get-WindowsUpdateData" context="" type="1" thread="19" file="">
<![LOG[WU collection complete in 14.0s: 6 pending, 50 history entries]LOG]!><time="08:20:53.259+000" date="02-24-2026" component="Get-WindowsUpdateData" context="" type="1" thread="19" file="">
<![LOG[Track D: Windows Update collection completed]LOG]!><time="08:20:53.288+000" date="02-24-2026" component="Invoke-DeviceDNACollection" context="" type="1" thread="19" file="">
<![LOG[Phase 2: Report Generation]LOG]!><time="08:20:53.317+000" date="02-24-2026" component="Invoke-DeviceDNACollection" context="" type="1" thread="19" file="">
<![LOG[Generating DeviceDNA report...]LOG]!><time="08:20:53.346+000" date="02-24-2026" component="Invoke-DeviceDNACollection" context="" type="1" thread="19" file="">
<![LOG[Generating DeviceDNA report using template + JSON architecture]LOG]!><time="08:20:53.374+000" date="02-24-2026" component="New-DeviceDNAReport" context="" type="1" thread="19" file="">
<![LOG[Exporting JSON data...]LOG]!><time="08:20:53.401+000" date="02-24-2026" component="New-DeviceDNAReport" context="" type="1" thread="19" file="">
<![LOG[JSON data exported to: .\output\HOEUS2610075480\DeviceDNA_HOEUS2610075480_2026-02-24_082053.json]LOG]!><time="08:20:53.455+000" date="02-24-2026" component="Export-DeviceDNAJson" context="" type="1" thread="19" file="">
<![LOG[JSON exported: DeviceDNA_HOEUS2610075480_2026-02-24_082053.json]LOG]!><time="08:20:53.484+000" date="02-24-2026" component="New-DeviceDNAReport" context="" type="1" thread="19" file="">
<![LOG[Copying report template...]LOG]!><time="08:20:53.503+000" date="02-24-2026" component="New-DeviceDNAReport" context="" type="1" thread="19" file="">
<![LOG[HTML viewer found: DeviceDNA-Viewer.html]LOG]!><time="08:20:53.533+000" date="02-24-2026" component="Copy-DeviceDNATemplate" context="" type="1" thread="19" file="">
<![LOG[Template copied: DeviceDNA-Viewer.html]LOG]!><time="08:20:53.560+000" date="02-24-2026" component="New-DeviceDNAReport" context="" type="1" thread="19" file="">
<![LOG[Report generated successfully: ../../DeviceDNA-Viewer.html?data=output/HOEUS2610075480/DeviceDNA_HOEUS2610075480_2026-02-24_082053.json]LOG]!><time="08:20:53.587+000" date="02-24-2026" component="New-DeviceDNAReport" context="" type="1" thread="19" file="">
<![LOG[Report generated successfully]LOG]!><time="08:20:53.620+000" date="02-24-2026" component="Invoke-DeviceDNACollection" context="" type="1" thread="19" file="">
<![LOG[  JSON: DeviceDNA_HOEUS2610075480_2026-02-24_082053.json]LOG]!><time="08:20:53.649+000" date="02-24-2026" component="Invoke-DeviceDNACollection" context="" type="1" thread="19" file="">
<![LOG[  Template: DeviceDNA-Viewer.html]LOG]!><time="08:20:53.678+000" date="02-24-2026" component="Invoke-DeviceDNACollection" context="" type="1" thread="19" file="">
<![LOG[Generating README.md...]LOG]!><time="08:20:53.705+000" date="02-24-2026" component="Invoke-DeviceDNACollection" context="" type="1" thread="19" file="">
<![LOG[README.md generated: .\output\HOEUS2610075480\README.md]LOG]!><time="08:20:53.756+000" date="02-24-2026" component="New-DeviceDNAReadme" context="" type="1" thread="19" file="">
<![LOG[README.md saved: .\output\HOEUS2610075480\README.md]LOG]!><time="08:20:53.783+000" date="02-24-2026" component="Invoke-DeviceDNACollection" context="" type="1" thread="19" file="">
<![LOG[Disconnected from Microsoft Graph]LOG]!><time="08:20:53.818+000" date="02-24-2026" component="Disconnect-GraphAPI" context="" type="1" thread="19" file="">
<![LOG[=================================================]LOG]!><time="08:20:53.847+000" date="02-24-2026" component="Complete" context="" type="1" thread="19" file="">
<![LOG[========== DeviceDNA Collection Complete ==========]LOG]!><time="08:20:53.874+000" date="02-24-2026" component="Complete" context="" type="1" thread="19" file="">
<![LOG[Total Duration: 00:04:39.017]LOG]!><time="08:20:53.906+000" date="02-24-2026" component="Complete" context="" type="1" thread="19" file="">
<![LOG[Collection Issues: 1]LOG]!><time="08:20:53.938+000" date="02-24-2026" component="Complete" context="" type="2" thread="19" file="">
<![LOG[Issue [Info - Group Policy]: Skipped - cloud-only device (not domain joined)]LOG]!><time="08:20:53.967+000" date="02-24-2026" component="Complete" context="" type="2" thread="19" file="">
<![LOG[Log file saved to: .\output\HOEUS2610075480\DeviceDNA_HOEUS2610075480_20260224-081614.log]LOG]!><time="08:20:53.995+000" date="02-24-2026" component="Complete" context="" type="1" thread="19" file="">
