<![LOG[========== DeviceDNA Collection Started ==========]LOG]!><time="08:32:42.458+000" date="02-24-2026" component="Initialize" context="" type="1" thread="19" file="">
<![LOG[DeviceDNA Version: 0.2.0]LOG]!><time="08:32:42.459+000" date="02-24-2026" component="Initialize" context="" type="1" thread="19" file="">
<![LOG[Target Device: MPC162110362628]LOG]!><time="08:32:42.481+000" date="02-24-2026" component="Initialize" context="" type="1" thread="19" file="">
<![LOG[PowerShell Version: 7.5.4]LOG]!><time="08:32:42.499+000" date="02-24-2026" component="Initialize" context="" type="1" thread="19" file="">
<![LOG[PowerShell Edition: Core]LOG]!><time="08:32:42.517+000" date="02-24-2026" component="Initialize" context="" type="1" thread="19" file="">
<![LOG[OS: Microsoft Windows NT 10.0.26200.0]LOG]!><time="08:32:42.535+000" date="02-24-2026" component="Initialize" context="" type="1" thread="19" file="">
<![LOG[Current User: HOMEOFFICE\j0w03ow]LOG]!><time="08:32:42.556+000" date="02-24-2026" component="Initialize" context="" type="1" thread="19" file="">
<![LOG[Log File: .\output\MPC162110362628\DeviceDNA_MPC162110362628_20260224-083242.log]LOG]!><time="08:32:42.575+000" date="02-24-2026" component="Initialize" context="" type="1" thread="19" file="">
<![LOG[=================================================]LOG]!><time="08:32:42.593+000" date="02-24-2026" component="Initialize" context="" type="1" thread="19" file="">
<![LOG[Checking administrative privileges...]LOG]!><time="08:32:42.614+000" date="02-24-2026" component="Invoke-DeviceDNACollection" context="" type="1" thread="19" file="">
<![LOG[Administrative privileges are required for full data collection.]LOG]!><time="08:32:43.042+000" date="02-24-2026" component="Invoke-DeviceDNACollection" context="" type="2" thread="19" file="">
<![LOG[Detecting device join type...]LOG]!><time="08:32:43.065+000" date="02-24-2026" component="Invoke-DeviceDNACollection" context="" type="1" thread="19" file="">
<![LOG[Device is not joined to any directory]LOG]!><time="08:32:43.216+000" date="02-24-2026" component="Invoke-DeviceDNACollection" context="" type="2" thread="19" file="">
<![LOG[Detecting management type...]LOG]!><time="08:32:43.243+000" date="02-24-2026" component="Invoke-DeviceDNACollection" context="" type="1" thread="19" file="">
<![LOG[MDM enrollment check failed: Connecting to remote server MPC162110362628 failed with the following error message : Access is denied. For more information, see the about_Remote_Troubleshooting Help topic.]LOG]!><time="08:32:43.390+000" date="02-24-2026" component="Test-MdmEnrollment" context="" type="2" thread="19" file="">
<![LOG[Failed to check SCCM client status: Connecting to remote server MPC162110362628 failed with the following error message : Access is denied. For more information, see the about_Remote_Troubleshooting Help topic.]LOG]!><time="08:32:43.554+000" date="02-24-2026" component="Test-SCCMClient" context="" type="2" thread="19" file="">
<![LOG[Co-management check failed: Connecting to remote server MPC162110362628 failed with the following error message : Access is denied. For more information, see the about_Remote_Troubleshooting Help topic.]LOG]!><time="08:32:43.709+000" date="02-24-2026" component="Test-CoManagement" context="" type="2" thread="19" file="">
<![LOG[Management type: Unmanaged]LOG]!><time="08:32:43.736+000" date="02-24-2026" component="Invoke-DeviceDNACollection" context="" type="1" thread="19" file="">
<![LOG[Discovering tenant information...]LOG]!><time="08:32:43.757+000" date="02-24-2026" component="Invoke-DeviceDNACollection" context="" type="1" thread="19" file="">
<![LOG[Tenant ID: 3cbcc3d3-094d-4006-9849-0d11d61f484d]LOG]!><time="08:32:44.645+000" date="02-24-2026" component="Invoke-DeviceDNACollection" context="" type="1" thread="19" file="">
<![LOG[Skipping Graph authentication - device not Azure AD joined or tenant unknown]LOG]!><time="08:32:44.672+000" date="02-24-2026" component="Invoke-DeviceDNACollection" context="" type="1" thread="19" file="">
<![LOG[Collecting device information...]LOG]!><time="08:32:44.695+000" date="02-24-2026" component="Invoke-DeviceDNACollection" context="" type="1" thread="19" file="">
<![LOG[Collecting enhanced device inventory]LOG]!><time="08:32:44.994+000" date="02-24-2026" component="Get-DeviceInfo" context="" type="1" thread="19" file="">
<![LOG[Failed to collect processor info: Access is denied.]LOG]!><time="08:32:45.280+000" date="02-24-2026" component="Get-ProcessorInfo" context="" type="2" thread="19" file="">
<![LOG[Failed to collect memory info: Access is denied.]LOG]!><time="08:32:45.426+000" date="02-24-2026" component="Get-MemoryInfo" context="" type="2" thread="19" file="">
<![LOG[Failed to collect storage info: Access is denied.]LOG]!><time="08:32:45.625+000" date="02-24-2026" component="Get-StorageInfo" context="" type="2" thread="19" file="">
<![LOG[Failed to collect BIOS info: Access is denied.]LOG]!><time="08:32:45.794+000" date="02-24-2026" component="Get-BiosInfo" context="" type="2" thread="19" file="">
<![LOG[Failed to collect network info: Access is denied.]LOG]!><time="08:32:45.945+000" date="02-24-2026" component="Get-NetworkInfo" context="" type="2" thread="19" file="">
<![LOG[Failed to collect power info: Access is denied.]LOG]!><time="08:32:46.471+000" date="02-24-2026" component="Get-PowerInfo" context="" type="2" thread="19" file="">
<![LOG[Enhanced device inventory collection complete]LOG]!><time="08:32:46.500+000" date="02-24-2026" component="Get-DeviceInfo" context="" type="1" thread="19" file="">
<![LOG[Device:  ()]LOG]!><time="08:32:46.529+000" date="02-24-2026" component="Invoke-DeviceDNACollection" context="" type="1" thread="19" file="">
<![LOG[Phase 1: Starting collection (GP + Intune + SCCM + WU)...]LOG]!><time="08:32:46.555+000" date="02-24-2026" component="Invoke-DeviceDNACollection" context="" type="1" thread="19" file="">
<![LOG[Track A: Starting remote GP collection (async via WinRM)...]LOG]!><time="08:32:46.581+000" date="02-24-2026" component="Invoke-DeviceDNACollection" context="" type="1" thread="19" file="">
<![LOG[Track B: Skipping Intune collection - Graph API not connected]LOG]!><time="08:32:46.612+000" date="02-24-2026" component="Invoke-DeviceDNACollection" context="" type="1" thread="19" file="">
<![LOG[Waiting for remote GP collection to complete...]LOG]!><time="08:32:46.640+000" date="02-24-2026" component="Invoke-DeviceDNACollection" context="" type="1" thread="19" file="">
<![LOG[Track A: Remote GP collection timed out after 300 seconds]LOG]!><time="08:32:46.733+000" date="02-24-2026" component="Invoke-DeviceDNACollection" context="" type="3" thread="19" file="">
<![LOG[Track C: Starting SCCM collection...]LOG]!><time="08:32:46.764+000" date="02-24-2026" component="Invoke-DeviceDNACollection" context="" type="1" thread="19" file="">
<![LOG[Starting SCCM data collection...]LOG]!><time="08:32:46.790+000" date="02-24-2026" component="Get-SCCMData" context="" type="1" thread="19" file="">
<![LOG[Starting SCCM data collection for MPC162110362628]LOG]!><time="08:32:46.817+000" date="02-24-2026" component="Get-SCCMData" context="" type="1" thread="19" file="">
<![LOG[Failed to check SCCM client status: Connecting to remote server MPC162110362628 failed with the following error message : Access is denied. For more information, see the about_Remote_Troubleshooting Help topic.]LOG]!><time="08:32:46.981+000" date="02-24-2026" component="Test-SCCMClient" context="" type="2" thread="19" file="">
<![LOG[SCCM client not installed — skipping SCCM collection]LOG]!><time="08:32:47.011+000" date="02-24-2026" component="Get-SCCMData" context="" type="1" thread="19" file="">
<![LOG[SCCM client not detected on MPC162110362628]LOG]!><time="08:32:47.037+000" date="02-24-2026" component="Get-SCCMData" context="" type="1" thread="19" file="">
<![LOG[Track C: SCCM client not installed — skipped]LOG]!><time="08:32:47.061+000" date="02-24-2026" component="Invoke-DeviceDNACollection" context="" type="1" thread="19" file="">
<![LOG[Track D: Starting Windows Update collection...]LOG]!><time="08:32:47.085+000" date="02-24-2026" component="Invoke-DeviceDNACollection" context="" type="1" thread="19" file="">
<![LOG[Starting Windows Update data collection...]LOG]!><time="08:32:47.112+000" date="02-24-2026" component="Get-WindowsUpdateData" context="" type="1" thread="19" file="">
<![LOG[Starting Windows Update collection for MPC162110362628]LOG]!><time="08:32:47.137+000" date="02-24-2026" component="Get-WindowsUpdateData" context="" type="1" thread="19" file="">
<![LOG[  [1/10] WindowsUpdate Policy...]LOG]!><time="08:32:47.163+000" date="02-24-2026" component="Get-WindowsUpdateData" context="" type="1" thread="19" file="">
<![LOG[Reading WU hive: WindowsUpdate Policy (HKLM:\SOFTWARE\Policies\Microsoft\Windows\WindowsUpdate)]LOG]!><time="08:32:47.193+000" date="02-24-2026" component="Read-WURegistryHive" context="" type="1" thread="19" file="">
<![LOG[ERROR reading WindowsUpdate Policy: Connecting to remote server MPC162110362628 failed with the following error message : Access is denied. For more information, see the about_Remote_Troubleshooting Help topic.]LOG]!><time="08:32:47.342+000" date="02-24-2026" component="Read-WURegistryHive" context="" type="3" thread="19" file="">
<![LOG[  [2/10] Automatic Updates (AU)...]LOG]!><time="08:32:47.373+000" date="02-24-2026" component="Get-WindowsUpdateData" context="" type="1" thread="19" file="">
<![LOG[Reading WU hive: Automatic Updates (AU) (HKLM:\SOFTWARE\Policies\Microsoft\Windows\WindowsUpdate\AU)]LOG]!><time="08:32:47.399+000" date="02-24-2026" component="Read-WURegistryHive" context="" type="1" thread="19" file="">
<![LOG[ERROR reading Automatic Updates (AU): Connecting to remote server MPC162110362628 failed with the following error message : Access is denied. For more information, see the about_Remote_Troubleshooting Help topic.]LOG]!><time="08:32:47.551+000" date="02-24-2026" component="Read-WURegistryHive" context="" type="3" thread="19" file="">
<![LOG[  [3/10] Update Policy State...]LOG]!><time="08:32:47.586+000" date="02-24-2026" component="Get-WindowsUpdateData" context="" type="1" thread="19" file="">
<![LOG[Reading WU hive: Update Policy State (HKLM:\SOFTWARE\Microsoft\WindowsUpdate\UpdatePolicy\Settings)]LOG]!><time="08:32:47.613+000" date="02-24-2026" component="Read-WURegistryHive" context="" type="1" thread="19" file="">
<![LOG[ERROR reading Update Policy State: Connecting to remote server MPC162110362628 failed with the following error message : Access is denied. For more information, see the about_Remote_Troubleshooting Help topic.]LOG]!><time="08:32:47.766+000" date="02-24-2026" component="Read-WURegistryHive" context="" type="3" thread="19" file="">
<![LOG[  [4/10] UX Settings (User Preferences)...]LOG]!><time="08:32:47.798+000" date="02-24-2026" component="Get-WindowsUpdateData" context="" type="1" thread="19" file="">
<![LOG[Reading WU hive: UX Settings (User Preferences) (HKLM:\SOFTWARE\Microsoft\WindowsUpdate\UX\Settings)]LOG]!><time="08:32:47.825+000" date="02-24-2026" component="Read-WURegistryHive" context="" type="1" thread="19" file="">
<![LOG[ERROR reading UX Settings (User Preferences): Connecting to remote server MPC162110362628 failed with the following error message : Access is denied. For more information, see the about_Remote_Troubleshooting Help topic.]LOG]!><time="08:32:48.038+000" date="02-24-2026" component="Read-WURegistryHive" context="" type="3" thread="19" file="">
<![LOG[  [5/10] Auto Update Runtime...]LOG]!><time="08:32:48.067+000" date="02-24-2026" component="Get-WindowsUpdateData" context="" type="1" thread="19" file="">
<![LOG[Reading WU hive: Auto Update Runtime (HKLM:\SOFTWARE\Microsoft\Windows\CurrentVersion\WindowsUpdate\Auto Update)]LOG]!><time="08:32:48.094+000" date="02-24-2026" component="Read-WURegistryHive" context="" type="1" thread="19" file="">
<![LOG[ERROR reading Auto Update Runtime: Connecting to remote server MPC162110362628 failed with the following error message : Access is denied. For more information, see the about_Remote_Troubleshooting Help topic.]LOG]!><time="08:32:48.246+000" date="02-24-2026" component="Read-WURegistryHive" context="" type="3" thread="19" file="">
<![LOG[  [6/10] Last Scan Result...]LOG]!><time="08:32:48.277+000" date="02-24-2026" component="Get-WindowsUpdateData" context="" type="1" thread="19" file="">
<![LOG[Reading WU hive: Last Scan Result (HKLM:\SOFTWARE\Microsoft\Windows\CurrentVersion\WindowsUpdate\Auto Update\Results\Detect)]LOG]!><time="08:32:48.305+000" date="02-24-2026" component="Read-WURegistryHive" context="" type="1" thread="19" file="">
<![LOG[ERROR reading Last Scan Result: Connecting to remote server MPC162110362628 failed with the following error message : Access is denied. For more information, see the about_Remote_Troubleshooting Help topic.]LOG]!><time="08:32:48.469+000" date="02-24-2026" component="Read-WURegistryHive" context="" type="3" thread="19" file="">
<![LOG[  [7/10] Last Install Result...]LOG]!><time="08:32:48.498+000" date="02-24-2026" component="Get-WindowsUpdateData" context="" type="1" thread="19" file="">
<![LOG[Reading WU hive: Last Install Result (HKLM:\SOFTWARE\Microsoft\Windows\CurrentVersion\WindowsUpdate\Auto Update\Results\Install)]LOG]!><time="08:32:48.525+000" date="02-24-2026" component="Read-WURegistryHive" context="" type="1" thread="19" file="">
<![LOG[ERROR reading Last Install Result: Connecting to remote server MPC162110362628 failed with the following error message : Access is denied. For more information, see the about_Remote_Troubleshooting Help topic.]LOG]!><time="08:32:48.674+000" date="02-24-2026" component="Read-WURegistryHive" context="" type="3" thread="19" file="">
<![LOG[  [8/10] Last Download Result...]LOG]!><time="08:32:48.712+000" date="02-24-2026" component="Get-WindowsUpdateData" context="" type="1" thread="19" file="">
<![LOG[Reading WU hive: Last Download Result (HKLM:\SOFTWARE\Microsoft\Windows\CurrentVersion\WindowsUpdate\Auto Update\Results\Download)]LOG]!><time="08:32:48.743+000" date="02-24-2026" component="Read-WURegistryHive" context="" type="1" thread="19" file="">
<![LOG[ERROR reading Last Download Result: Connecting to remote server MPC162110362628 failed with the following error message : Access is denied. For more information, see the about_Remote_Troubleshooting Help topic.]LOG]!><time="08:32:48.911+000" date="02-24-2026" component="Read-WURegistryHive" context="" type="3" thread="19" file="">
<![LOG[  [9/10] OS Version...]LOG]!><time="08:32:48.939+000" date="02-24-2026" component="Get-WindowsUpdateData" context="" type="1" thread="19" file="">
<![LOG[Reading WU hive: OS Version (HKLM:\SOFTWARE\Microsoft\Windows NT\CurrentVersion)]LOG]!><time="08:32:48.968+000" date="02-24-2026" component="Read-WURegistryHive" context="" type="1" thread="19" file="">
<![LOG[ERROR reading OS Version: Connecting to remote server MPC162110362628 failed with the following error message : Access is denied. For more information, see the about_Remote_Troubleshooting Help topic.]LOG]!><time="08:32:49.115+000" date="02-24-2026" component="Read-WURegistryHive" context="" type="3" thread="19" file="">
<![LOG[  [10/10] Delivery Optimization...]LOG]!><time="08:32:49.150+000" date="02-24-2026" component="Get-WindowsUpdateData" context="" type="1" thread="19" file="">
<![LOG[Reading WU hive: Delivery Optimization (HKLM:\SOFTWARE\Policies\Microsoft\Windows\DeliveryOptimization)]LOG]!><time="08:32:49.178+000" date="02-24-2026" component="Read-WURegistryHive" context="" type="1" thread="19" file="">
<![LOG[ERROR reading Delivery Optimization: Connecting to remote server MPC162110362628 failed with the following error message : Access is denied. For more information, see the about_Remote_Troubleshooting Help topic.]LOG]!><time="08:32:49.331+000" date="02-24-2026" component="Read-WURegistryHive" context="" type="3" thread="19" file="">
<![LOG[  Checking reboot indicators...]LOG]!><time="08:32:49.364+000" date="02-24-2026" component="Get-WindowsUpdateData" context="" type="1" thread="19" file="">
<![LOG[Error checking reboot status: Connecting to remote server MPC162110362628 failed with the following error message : Access is denied. For more information, see the about_Remote_Troubleshooting Help topic.]LOG]!><time="08:32:49.529+000" date="02-24-2026" component="Test-WURebootRequired" context="" type="3" thread="19" file="">
<![LOG[No reboot indicators found]LOG]!><time="08:32:49.557+000" date="02-24-2026" component="Get-WindowsUpdateData" context="" type="1" thread="19" file="">
<![LOG[  Querying Windows Update Agent (COM API)...]LOG]!><time="08:32:49.583+000" date="02-24-2026" component="Get-WindowsUpdateData" context="" type="1" thread="19" file="">
<![LOG[Querying WUA COM API...]LOG]!><time="08:32:49.614+000" date="02-24-2026" component="Get-WUAUpdateStatus" context="" type="1" thread="19" file="">
<![LOG[WUA COM query failed: Connecting to remote server MPC162110362628 failed with the following error message : Access is denied. For more information, see the about_Remote_Troubleshooting Help topic.]LOG]!><time="08:32:49.773+000" date="02-24-2026" component="Get-WUAUpdateStatus" context="" type="3" thread="19" file="">
<![LOG[  WUA warning: Connecting to remote server MPC162110362628 failed with the following error message : Access is denied. For more information, see the about_Remote_Troubleshooting Help topic.]LOG]!><time="08:32:49.805+000" date="02-24-2026" component="Get-WindowsUpdateData" context="" type="2" thread="19" file="">
<![LOG[Windows Update collection completed (0 pending, 0 history)]LOG]!><time="08:32:49.830+000" date="02-24-2026" component="Get-WindowsUpdateData" context="" type="1" thread="19" file="">
<![LOG[WU collection complete in 2.7s: 0 pending, 0 history entries]LOG]!><time="08:32:49.854+000" date="02-24-2026" component="Get-WindowsUpdateData" context="" type="1" thread="19" file="">
<![LOG[Track D: Windows Update collection completed]LOG]!><time="08:32:49.881+000" date="02-24-2026" component="Invoke-DeviceDNACollection" context="" type="1" thread="19" file="">
<![LOG[Phase 2: Report Generation]LOG]!><time="08:32:49.910+000" date="02-24-2026" component="Invoke-DeviceDNACollection" context="" type="1" thread="19" file="">
<![LOG[Generating DeviceDNA report...]LOG]!><time="08:32:49.938+000" date="02-24-2026" component="Invoke-DeviceDNACollection" context="" type="1" thread="19" file="">
<![LOG[Failed to generate report: Cannot bind argument to parameter 'DeviceName' because it is an empty string.]LOG]!><time="08:32:49.958+000" date="02-24-2026" component="Invoke-DeviceDNACollection" context="" type="3" thread="19" file="">
<![LOG[Generating README.md...]LOG]!><time="08:32:49.987+000" date="02-24-2026" component="Invoke-DeviceDNACollection" context="" type="1" thread="19" file="">
<![LOG[Failed to generate README.md: Cannot bind argument to parameter 'DeviceName' because it is an empty string.]LOG]!><time="08:32:50.013+000" date="02-24-2026" component="Invoke-DeviceDNACollection" context="" type="2" thread="19" file="">
<![LOG[README generation failed: Cannot bind argument to parameter 'DeviceName' because it is an empty string.]LOG]!><time="08:32:50.037+000" date="02-24-2026" component="Invoke-DeviceDNACollection" context="" type="2" thread="19" file="">
<![LOG[=================================================]LOG]!><time="08:32:50.065+000" date="02-24-2026" component="Complete" context="" type="1" thread="19" file="">
<![LOG[========== DeviceDNA Collection Complete ==========]LOG]!><time="08:32:50.088+000" date="02-24-2026" component="Complete" context="" type="1" thread="19" file="">
<![LOG[Total Duration: 00:00:07.608]LOG]!><time="08:32:50.114+000" date="02-24-2026" component="Complete" context="" type="1" thread="19" file="">
<![LOG[Collection Issues: 8]LOG]!><time="08:32:50.139+000" date="02-24-2026" component="Complete" context="" type="2" thread="19" file="">
<![LOG[Issue [Warning - Setup]: Failed to verify admin rights on MPC162110362628 : Access is denied.
]LOG]!><time="08:32:50.165+000" date="02-24-2026" component="Complete" context="" type="2" thread="19" file="">
<![LOG[Issue [Warning - Setup]: Running without administrative privileges - some data may be unavailable]LOG]!><time="08:32:50.189+000" date="02-24-2026" component="Complete" context="" type="2" thread="19" file="">
<![LOG[Issue [Error - Device Info]: Failed to execute dsregcmd on MPC162110362628 : Connecting to remote server MPC162110362628 failed with the following error message : Access is denied. For more information, see the about_Remote_Troubleshooting Help topic.]LOG]!><time="08:32:50.214+000" date="02-24-2026" component="Complete" context="" type="2" thread="19" file="">
<![LOG[Issue [Error - Device Info]: Failed to collect device info from MPC162110362628 : Access is denied.
]LOG]!><time="08:32:50.239+000" date="02-24-2026" component="Complete" context="" type="2" thread="19" file="">
<![LOG[Issue [Info - Intune]: Skipped - Graph API authentication failed]LOG]!><time="08:32:50.264+000" date="02-24-2026" component="Complete" context="" type="2" thread="19" file="">
<![LOG[Issue [Error - Group Policy]: Remote GP collection timed out after 300 seconds]LOG]!><time="08:32:50.290+000" date="02-24-2026" component="Complete" context="" type="2" thread="19" file="">
<![LOG[Issue [Warning - WindowsUpdate]: WUA COM: Connecting to remote server MPC162110362628 failed with the following error message : Access is denied. For more information, see the about_Remote_Troubleshooting Help topic.]LOG]!><time="08:32:50.320+000" date="02-24-2026" component="Complete" context="" type="2" thread="19" file="">
<![LOG[Issue [Error - Report]: Cannot bind argument to parameter 'DeviceName' because it is an empty string.]LOG]!><time="08:32:50.348+000" date="02-24-2026" component="Complete" context="" type="2" thread="19" file="">
<![LOG[Log file saved to: .\output\MPC162110362628\DeviceDNA_MPC162110362628_20260224-083242.log]LOG]!><time="08:32:50.377+000" date="02-24-2026" component="Complete" context="" type="1" thread="19" file="">
